#
# There is insufficient memory for the Java Runtime Environment to continue.
# Native memory allocation (malloc) failed to allocate 65552 bytes for Chunk::new
# Possible reasons:
#   The system is out of physical RAM or swap space
#   The process is running with CompressedOops enabled, and the Java Heap may be blocking the growth of the native heap
# Possible solutions:
#   Reduce memory load on the system
#   Increase physical memory or swap space
#   Check if swap backing store is full
#   Decrease Java heap size (-Xmx/-Xms)
#   Decrease number of Java threads
#   Decrease Java thread stack sizes (-Xss)
#   Set larger code cache with -XX:ReservedCodeCacheSize=
#   JVM is running with Unscaled Compressed Oops mode in which the Java heap is
#     placed in the first 4GB address space. The Java Heap base address is the
#     maximum limit for the native heap growth. Please use -XX:HeapBaseMinAddress
#     to set the Java Heap base and to place the Java Heap above 4GB virtual address.
# This output file may be truncated or incomplete.
#
#  Out of Memory Error (arena.cpp:189), pid=26748, tid=22400
#
# JRE version: Java(TM) SE Runtime Environment (17.0+35) (build 17+35-LTS-2724)
# Java VM: Java HotSpot(TM) 64-Bit Server VM (17+35-LTS-2724, mixed mode, sharing, tiered, compressed oops, compressed class ptrs, g1 gc, windows-amd64)
# No core dump will be written. Minidumps are not enabled by default on client versions of Windows
#

---------------  S U M M A R Y ------------

Command Line: -Dclassworlds.conf=C:\apache-maven-3.9.6\bin\m2.conf -Dmaven.home=C:\apache-maven-3.9.6 -Dlibrary.jansi.path=C:\apache-maven-3.9.6\lib\jansi-native -Dmaven.multiModuleProjectDirectory=C:\Microservicesudemy\microservices\section6\v2-spring-cloud-config\configserver org.codehaus.plexus.classworlds.launcher.Launcher compile jib:dockerBuild

Host: AMD Ryzen 5 5500U with Radeon Graphics         , 12 cores, 5G,  Windows 10 , 64 bit Build 22621 (10.0.22621.2506)
Time: Thu Dec 28 19:59:33 2023 India Standard Time elapsed time: 2.336803 seconds (0d 0h 0m 2s)

---------------  T H R E A D  ---------------

Current thread (0x0000013ed698b5a0):  JavaThread "C2 CompilerThread0" daemon [_thread_in_native, id=22400, stack(0x00000016d6d00000,0x00000016d6e00000)]


Current CompileTask:
C2:   2336 1316       4       java.io.WinNTFileSystem::normalize (143 bytes)

Stack: [0x00000016d6d00000,0x00000016d6e00000]
Native frames: (J=compiled Java code, j=interpreted, Vv=VM code, C=native code)
V  [jvm.dll+0x66f8ea]
V  [jvm.dll+0x7ce224]
V  [jvm.dll+0x7cf9ce]
V  [jvm.dll+0x7d0033]
V  [jvm.dll+0x242bb5]
V  [jvm.dll+0xaa05b]
V  [jvm.dll+0xaa5ec]
V  [jvm.dll+0xaa16b]
V  [jvm.dll+0x64e33c]
V  [jvm.dll+0x5fce67]
V  [jvm.dll+0x60268b]
V  [jvm.dll+0x603452]
V  [jvm.dll+0x6019b4]
V  [jvm.dll+0x215b18]
V  [jvm.dll+0x2150c1]
V  [jvm.dll+0x1a168d]
V  [jvm.dll+0x2248f8]
V  [jvm.dll+0x222a5c]
V  [jvm.dll+0x78422b]
V  [jvm.dll+0x77e7ea]
V  [jvm.dll+0x66e715]
C  [ucrtbase.dll+0x29363]
C  [KERNEL32.DLL+0x1257d]
C  [ntdll.dll+0x5aa58]


---------------  P R O C E S S  ---------------

Threads class SMR info:
_java_thread_list=0x0000013ed745c110, length=12, elements={
0x0000013eb766c1f0, 0x0000013ed696c6b0, 0x0000013ed696d430, 0x0000013ed6983860,
0x0000013ed6984320, 0x0000013ed6986bf0, 0x0000013ed69874b0, 0x0000013ed698b5a0,
0x0000013ed6995f70, 0x0000013ed699cc90, 0x0000013ed748f760, 0x0000013ed7495c60
}

Java Threads: ( => current thread )
  0x0000013eb766c1f0 JavaThread "main" [_thread_in_native, id=14856, stack(0x00000016d6000000,0x00000016d6100000)]
  0x0000013ed696c6b0 JavaThread "Reference Handler" daemon [_thread_blocked, id=6256, stack(0x00000016d6700000,0x00000016d6800000)]
  0x0000013ed696d430 JavaThread "Finalizer" daemon [_thread_blocked, id=2400, stack(0x00000016d6800000,0x00000016d6900000)]
  0x0000013ed6983860 JavaThread "Signal Dispatcher" daemon [_thread_blocked, id=23308, stack(0x00000016d6900000,0x00000016d6a00000)]
  0x0000013ed6984320 JavaThread "Attach Listener" daemon [_thread_blocked, id=15920, stack(0x00000016d6a00000,0x00000016d6b00000)]
  0x0000013ed6986bf0 JavaThread "Service Thread" daemon [_thread_blocked, id=5104, stack(0x00000016d6b00000,0x00000016d6c00000)]
  0x0000013ed69874b0 JavaThread "Monitor Deflation Thread" daemon [_thread_blocked, id=11540, stack(0x00000016d6c00000,0x00000016d6d00000)]
=>0x0000013ed698b5a0 JavaThread "C2 CompilerThread0" daemon [_thread_in_native, id=22400, stack(0x00000016d6d00000,0x00000016d6e00000)]
  0x0000013ed6995f70 JavaThread "C1 CompilerThread0" daemon [_thread_in_native, id=31064, stack(0x00000016d6e00000,0x00000016d6f00000)]
  0x0000013ed699cc90 JavaThread "Sweeper thread" daemon [_thread_blocked, id=29504, stack(0x00000016d6f00000,0x00000016d7000000)]
  0x0000013ed748f760 JavaThread "Notification Thread" daemon [_thread_blocked, id=26724, stack(0x00000016d7000000,0x00000016d7100000)]
  0x0000013ed7495c60 JavaThread "Common-Cleaner" daemon [_thread_blocked, id=13196, stack(0x00000016d7200000,0x00000016d7300000)]

Other Threads:
  0x0000013ed69677a0 VMThread "VM Thread" [stack: 0x00000016d6600000,0x00000016d6700000] [id=24208]
  0x0000013eb98abda0 WatcherThread [stack: 0x00000016d7100000,0x00000016d7200000] [id=7688]
  0x0000013eb9894850 GCTaskThread "GC Thread#0" [stack: 0x00000016d6100000,0x00000016d6200000] [id=31196]
  0x0000013ed7e0be40 GCTaskThread "GC Thread#1" [stack: 0x00000016d7300000,0x00000016d7400000] [id=25824]
  0x0000013ed7ddb720 GCTaskThread "GC Thread#2" [stack: 0x00000016d7400000,0x00000016d7500000] [id=16136]
  0x0000013ed7ddb9d0 GCTaskThread "GC Thread#3" [stack: 0x00000016d7500000,0x00000016d7600000] [id=23532]
  0x0000013ed7df5000 GCTaskThread "GC Thread#4" [stack: 0x00000016d7600000,0x00000016d7700000] [id=10748]
  0x0000013ed7df52b0 GCTaskThread "GC Thread#5" [stack: 0x00000016d7700000,0x00000016d7800000] [id=16668]
  0x0000013ed7df5d70 GCTaskThread "GC Thread#6" [stack: 0x00000016d7800000,0x00000016d7900000] [id=7080]
  0x0000013ed7df6020 GCTaskThread "GC Thread#7" [stack: 0x00000016d7900000,0x00000016d7a00000] [id=20636]
  0x0000013eb98a1260 ConcurrentGCThread "G1 Main Marker" [stack: 0x00000016d6200000,0x00000016d6300000] [id=20960]
  0x0000013eb98a3ba0 ConcurrentGCThread "G1 Conc#0" [stack: 0x00000016d6300000,0x00000016d6400000] [id=29880]
  0x0000013eb9921b40 ConcurrentGCThread "G1 Refine#0" [stack: 0x00000016d6400000,0x00000016d6500000] [id=14324]
  0x0000013eb9922470 ConcurrentGCThread "G1 Service" [stack: 0x00000016d6500000,0x00000016d6600000] [id=2804]

Threads with active compile tasks:
C2 CompilerThread0     2378 1316       4       java.io.WinNTFileSystem::normalize (143 bytes)

VM state: not at safepoint (normal execution)

VM Mutex/Monitor currently owned by a thread: None

Heap address: 0x00000000a2200000, size: 1502 MB, Compressed Oops mode: 32-bit

CDS archive(s) mapped at: [0x0000000800000000-0x0000000800bc0000-0x0000000800bc0000), size 12320768, SharedBaseAddress: 0x0000000800000000, ArchiveRelocationMode: 0.
Compressed class space mapped at: 0x0000000800c00000-0x0000000840c00000, reserved size: 1073741824
Narrow klass base: 0x0000000800000000, Narrow klass shift: 0, Narrow klass range: 0x100000000

GC Precious Log:
 CPUs: 12 total, 12 available
 Memory: 6005M
 Large Page Support: Disabled
 NUMA Support: Disabled
 Compressed Oops: Enabled (32-bit)
 Heap Region Size: 1M
 Heap Min Capacity: 8M
 Heap Initial Capacity: 94M
 Heap Max Capacity: 1502M
 Pre-touch: Disabled
 Parallel Workers: 10
 Concurrent Workers: 3
 Concurrent Refinement Workers: 10
 Periodic GC: Disabled

Heap:
 garbage-first heap   total 96256K, used 23216K [0x00000000a2200000, 0x0000000100000000)
  region size 1024K, 23 young (23552K), 3 survivors (3072K)
 Metaspace       used 7169K, committed 7360K, reserved 1056768K
  class space    used 853K, committed 960K, reserved 1048576K

Heap Regions: E=young(eden), S=young(survivor), O=old, HS=humongous(starts), HC=humongous(continues), CS=collection set, F=free, OA=open archive, CA=closed archive, TAMS=top-at-mark-start (previous, next)
|   0|0x00000000a2200000, 0x00000000a22ac200, 0x00000000a2300000| 67%| O|  |TAMS 0x00000000a2200000, 0x00000000a2200000| Untracked 
|   1|0x00000000a2300000, 0x00000000a2300000, 0x00000000a2400000|  0%| F|  |TAMS 0x00000000a2300000, 0x00000000a2300000| Untracked 
|   2|0x00000000a2400000, 0x00000000a2400000, 0x00000000a2500000|  0%| F|  |TAMS 0x00000000a2400000, 0x00000000a2400000| Untracked 
|   3|0x00000000a2500000, 0x00000000a2500000, 0x00000000a2600000|  0%| F|  |TAMS 0x00000000a2500000, 0x00000000a2500000| Untracked 
|   4|0x00000000a2600000, 0x00000000a2600000, 0x00000000a2700000|  0%| F|  |TAMS 0x00000000a2600000, 0x00000000a2600000| Untracked 
|   5|0x00000000a2700000, 0x00000000a2700000, 0x00000000a2800000|  0%| F|  |TAMS 0x00000000a2700000, 0x00000000a2700000| Untracked 
|   6|0x00000000a2800000, 0x00000000a2800000, 0x00000000a2900000|  0%| F|  |TAMS 0x00000000a2800000, 0x00000000a2800000| Untracked 
|   7|0x00000000a2900000, 0x00000000a2900000, 0x00000000a2a00000|  0%| F|  |TAMS 0x00000000a2900000, 0x00000000a2900000| Untracked 
|   8|0x00000000a2a00000, 0x00000000a2a00000, 0x00000000a2b00000|  0%| F|  |TAMS 0x00000000a2a00000, 0x00000000a2a00000| Untracked 
|   9|0x00000000a2b00000, 0x00000000a2b00000, 0x00000000a2c00000|  0%| F|  |TAMS 0x00000000a2b00000, 0x00000000a2b00000| Untracked 
|  10|0x00000000a2c00000, 0x00000000a2c00000, 0x00000000a2d00000|  0%| F|  |TAMS 0x00000000a2c00000, 0x00000000a2c00000| Untracked 
|  11|0x00000000a2d00000, 0x00000000a2d00000, 0x00000000a2e00000|  0%| F|  |TAMS 0x00000000a2d00000, 0x00000000a2d00000| Untracked 
|  12|0x00000000a2e00000, 0x00000000a2e00000, 0x00000000a2f00000|  0%| F|  |TAMS 0x00000000a2e00000, 0x00000000a2e00000| Untracked 
|  13|0x00000000a2f00000, 0x00000000a2f00000, 0x00000000a3000000|  0%| F|  |TAMS 0x00000000a2f00000, 0x00000000a2f00000| Untracked 
|  14|0x00000000a3000000, 0x00000000a3000000, 0x00000000a3100000|  0%| F|  |TAMS 0x00000000a3000000, 0x00000000a3000000| Untracked 
|  15|0x00000000a3100000, 0x00000000a3100000, 0x00000000a3200000|  0%| F|  |TAMS 0x00000000a3100000, 0x00000000a3100000| Untracked 
|  16|0x00000000a3200000, 0x00000000a3200000, 0x00000000a3300000|  0%| F|  |TAMS 0x00000000a3200000, 0x00000000a3200000| Untracked 
|  17|0x00000000a3300000, 0x00000000a3300000, 0x00000000a3400000|  0%| F|  |TAMS 0x00000000a3300000, 0x00000000a3300000| Untracked 
|  18|0x00000000a3400000, 0x00000000a3400000, 0x00000000a3500000|  0%| F|  |TAMS 0x00000000a3400000, 0x00000000a3400000| Untracked 
|  19|0x00000000a3500000, 0x00000000a3500000, 0x00000000a3600000|  0%| F|  |TAMS 0x00000000a3500000, 0x00000000a3500000| Untracked 
|  20|0x00000000a3600000, 0x00000000a3600000, 0x00000000a3700000|  0%| F|  |TAMS 0x00000000a3600000, 0x00000000a3600000| Untracked 
|  21|0x00000000a3700000, 0x00000000a3700000, 0x00000000a3800000|  0%| F|  |TAMS 0x00000000a3700000, 0x00000000a3700000| Untracked 
|  22|0x00000000a3800000, 0x00000000a3800000, 0x00000000a3900000|  0%| F|  |TAMS 0x00000000a3800000, 0x00000000a3800000| Untracked 
|  23|0x00000000a3900000, 0x00000000a3900000, 0x00000000a3a00000|  0%| F|  |TAMS 0x00000000a3900000, 0x00000000a3900000| Untracked 
|  24|0x00000000a3a00000, 0x00000000a3a00000, 0x00000000a3b00000|  0%| F|  |TAMS 0x00000000a3a00000, 0x00000000a3a00000| Untracked 
|  25|0x00000000a3b00000, 0x00000000a3b00000, 0x00000000a3c00000|  0%| F|  |TAMS 0x00000000a3b00000, 0x00000000a3b00000| Untracked 
|  26|0x00000000a3c00000, 0x00000000a3c00000, 0x00000000a3d00000|  0%| F|  |TAMS 0x00000000a3c00000, 0x00000000a3c00000| Untracked 
|  27|0x00000000a3d00000, 0x00000000a3d00000, 0x00000000a3e00000|  0%| F|  |TAMS 0x00000000a3d00000, 0x00000000a3d00000| Untracked 
|  28|0x00000000a3e00000, 0x00000000a3e00000, 0x00000000a3f00000|  0%| F|  |TAMS 0x00000000a3e00000, 0x00000000a3e00000| Untracked 
|  29|0x00000000a3f00000, 0x00000000a3f00000, 0x00000000a4000000|  0%| F|  |TAMS 0x00000000a3f00000, 0x00000000a3f00000| Untracked 
|  30|0x00000000a4000000, 0x00000000a4000000, 0x00000000a4100000|  0%| F|  |TAMS 0x00000000a4000000, 0x00000000a4000000| Untracked 
|  31|0x00000000a4100000, 0x00000000a4100000, 0x00000000a4200000|  0%| F|  |TAMS 0x00000000a4100000, 0x00000000a4100000| Untracked 
|  32|0x00000000a4200000, 0x00000000a4200000, 0x00000000a4300000|  0%| F|  |TAMS 0x00000000a4200000, 0x00000000a4200000| Untracked 
|  33|0x00000000a4300000, 0x00000000a4300000, 0x00000000a4400000|  0%| F|  |TAMS 0x00000000a4300000, 0x00000000a4300000| Untracked 
|  34|0x00000000a4400000, 0x00000000a4400000, 0x00000000a4500000|  0%| F|  |TAMS 0x00000000a4400000, 0x00000000a4400000| Untracked 
|  35|0x00000000a4500000, 0x00000000a4500000, 0x00000000a4600000|  0%| F|  |TAMS 0x00000000a4500000, 0x00000000a4500000| Untracked 
|  36|0x00000000a4600000, 0x00000000a4600000, 0x00000000a4700000|  0%| F|  |TAMS 0x00000000a4600000, 0x00000000a4600000| Untracked 
|  37|0x00000000a4700000, 0x00000000a4700000, 0x00000000a4800000|  0%| F|  |TAMS 0x00000000a4700000, 0x00000000a4700000| Untracked 
|  38|0x00000000a4800000, 0x00000000a4800000, 0x00000000a4900000|  0%| F|  |TAMS 0x00000000a4800000, 0x00000000a4800000| Untracked 
|  39|0x00000000a4900000, 0x00000000a4900000, 0x00000000a4a00000|  0%| F|  |TAMS 0x00000000a4900000, 0x00000000a4900000| Untracked 
|  40|0x00000000a4a00000, 0x00000000a4a00000, 0x00000000a4b00000|  0%| F|  |TAMS 0x00000000a4a00000, 0x00000000a4a00000| Untracked 
|  41|0x00000000a4b00000, 0x00000000a4b00000, 0x00000000a4c00000|  0%| F|  |TAMS 0x00000000a4b00000, 0x00000000a4b00000| Untracked 
|  42|0x00000000a4c00000, 0x00000000a4c00000, 0x00000000a4d00000|  0%| F|  |TAMS 0x00000000a4c00000, 0x00000000a4c00000| Untracked 
|  43|0x00000000a4d00000, 0x00000000a4d00000, 0x00000000a4e00000|  0%| F|  |TAMS 0x00000000a4d00000, 0x00000000a4d00000| Untracked 
|  44|0x00000000a4e00000, 0x00000000a4e00000, 0x00000000a4f00000|  0%| F|  |TAMS 0x00000000a4e00000, 0x00000000a4e00000| Untracked 
|  45|0x00000000a4f00000, 0x00000000a4f00000, 0x00000000a5000000|  0%| F|  |TAMS 0x00000000a4f00000, 0x00000000a4f00000| Untracked 
|  46|0x00000000a5000000, 0x00000000a5000000, 0x00000000a5100000|  0%| F|  |TAMS 0x00000000a5000000, 0x00000000a5000000| Untracked 
|  47|0x00000000a5100000, 0x00000000a5100000, 0x00000000a5200000|  0%| F|  |TAMS 0x00000000a5100000, 0x00000000a5100000| Untracked 
|  48|0x00000000a5200000, 0x00000000a5200000, 0x00000000a5300000|  0%| F|  |TAMS 0x00000000a5200000, 0x00000000a5200000| Untracked 
|  49|0x00000000a5300000, 0x00000000a5300000, 0x00000000a5400000|  0%| F|  |TAMS 0x00000000a5300000, 0x00000000a5300000| Untracked 
|  50|0x00000000a5400000, 0x00000000a5400000, 0x00000000a5500000|  0%| F|  |TAMS 0x00000000a5400000, 0x00000000a5400000| Untracked 
|  51|0x00000000a5500000, 0x00000000a5500000, 0x00000000a5600000|  0%| F|  |TAMS 0x00000000a5500000, 0x00000000a5500000| Untracked 
|  52|0x00000000a5600000, 0x00000000a5600000, 0x00000000a5700000|  0%| F|  |TAMS 0x00000000a5600000, 0x00000000a5600000| Untracked 
|  53|0x00000000a5700000, 0x00000000a5700000, 0x00000000a5800000|  0%| F|  |TAMS 0x00000000a5700000, 0x00000000a5700000| Untracked 
|  54|0x00000000a5800000, 0x00000000a5800000, 0x00000000a5900000|  0%| F|  |TAMS 0x00000000a5800000, 0x00000000a5800000| Untracked 
|  55|0x00000000a5900000, 0x00000000a5900000, 0x00000000a5a00000|  0%| F|  |TAMS 0x00000000a5900000, 0x00000000a5900000| Untracked 
|  56|0x00000000a5a00000, 0x00000000a5a00000, 0x00000000a5b00000|  0%| F|  |TAMS 0x00000000a5a00000, 0x00000000a5a00000| Untracked 
|  57|0x00000000a5b00000, 0x00000000a5b00000, 0x00000000a5c00000|  0%| F|  |TAMS 0x00000000a5b00000, 0x00000000a5b00000| Untracked 
|  58|0x00000000a5c00000, 0x00000000a5c00000, 0x00000000a5d00000|  0%| F|  |TAMS 0x00000000a5c00000, 0x00000000a5c00000| Untracked 
|  59|0x00000000a5d00000, 0x00000000a5d00000, 0x00000000a5e00000|  0%| F|  |TAMS 0x00000000a5d00000, 0x00000000a5d00000| Untracked 
|  60|0x00000000a5e00000, 0x00000000a5e00000, 0x00000000a5f00000|  0%| F|  |TAMS 0x00000000a5e00000, 0x00000000a5e00000| Untracked 
|  61|0x00000000a5f00000, 0x00000000a5f00000, 0x00000000a6000000|  0%| F|  |TAMS 0x00000000a5f00000, 0x00000000a5f00000| Untracked 
|  62|0x00000000a6000000, 0x00000000a6000000, 0x00000000a6100000|  0%| F|  |TAMS 0x00000000a6000000, 0x00000000a6000000| Untracked 
|  63|0x00000000a6100000, 0x00000000a6100000, 0x00000000a6200000|  0%| F|  |TAMS 0x00000000a6100000, 0x00000000a6100000| Untracked 
|  64|0x00000000a6200000, 0x00000000a6200000, 0x00000000a6300000|  0%| F|  |TAMS 0x00000000a6200000, 0x00000000a6200000| Untracked 
|  65|0x00000000a6300000, 0x00000000a6300000, 0x00000000a6400000|  0%| F|  |TAMS 0x00000000a6300000, 0x00000000a6300000| Untracked 
|  66|0x00000000a6400000, 0x00000000a6400000, 0x00000000a6500000|  0%| F|  |TAMS 0x00000000a6400000, 0x00000000a6400000| Untracked 
|  67|0x00000000a6500000, 0x00000000a6500000, 0x00000000a6600000|  0%| F|  |TAMS 0x00000000a6500000, 0x00000000a6500000| Untracked 
|  68|0x00000000a6600000, 0x00000000a6700000, 0x00000000a6700000|100%| S|CS|TAMS 0x00000000a6600000, 0x00000000a6600000| Complete 
|  69|0x00000000a6700000, 0x00000000a6800000, 0x00000000a6800000|100%| S|CS|TAMS 0x00000000a6700000, 0x00000000a6700000| Complete 
|  70|0x00000000a6800000, 0x00000000a6900000, 0x00000000a6900000|100%| S|CS|TAMS 0x00000000a6800000, 0x00000000a6800000| Complete 
|  71|0x00000000a6900000, 0x00000000a6900000, 0x00000000a6a00000|  0%| F|  |TAMS 0x00000000a6900000, 0x00000000a6900000| Untracked 
|  72|0x00000000a6a00000, 0x00000000a6a00000, 0x00000000a6b00000|  0%| F|  |TAMS 0x00000000a6a00000, 0x00000000a6a00000| Untracked 
|  73|0x00000000a6b00000, 0x00000000a6b00000, 0x00000000a6c00000|  0%| F|  |TAMS 0x00000000a6b00000, 0x00000000a6b00000| Untracked 
|  74|0x00000000a6c00000, 0x00000000a6c81fe8, 0x00000000a6d00000| 50%| E|  |TAMS 0x00000000a6c00000, 0x00000000a6c00000| Complete 
|  75|0x00000000a6d00000, 0x00000000a6e00000, 0x00000000a6e00000|100%| E|CS|TAMS 0x00000000a6d00000, 0x00000000a6d00000| Complete 
|  76|0x00000000a6e00000, 0x00000000a6f00000, 0x00000000a6f00000|100%| E|CS|TAMS 0x00000000a6e00000, 0x00000000a6e00000| Complete 
|  77|0x00000000a6f00000, 0x00000000a7000000, 0x00000000a7000000|100%| E|CS|TAMS 0x00000000a6f00000, 0x00000000a6f00000| Complete 
|  78|0x00000000a7000000, 0x00000000a7100000, 0x00000000a7100000|100%| E|CS|TAMS 0x00000000a7000000, 0x00000000a7000000| Complete 
|  79|0x00000000a7100000, 0x00000000a7200000, 0x00000000a7200000|100%| E|CS|TAMS 0x00000000a7100000, 0x00000000a7100000| Complete 
|  80|0x00000000a7200000, 0x00000000a7300000, 0x00000000a7300000|100%| E|CS|TAMS 0x00000000a7200000, 0x00000000a7200000| Complete 
|  81|0x00000000a7300000, 0x00000000a7400000, 0x00000000a7400000|100%| E|CS|TAMS 0x00000000a7300000, 0x00000000a7300000| Complete 
|  82|0x00000000a7400000, 0x00000000a7500000, 0x00000000a7500000|100%| E|CS|TAMS 0x00000000a7400000, 0x00000000a7400000| Complete 
|  83|0x00000000a7500000, 0x00000000a7600000, 0x00000000a7600000|100%| E|CS|TAMS 0x00000000a7500000, 0x00000000a7500000| Complete 
|  84|0x00000000a7600000, 0x00000000a7700000, 0x00000000a7700000|100%| E|CS|TAMS 0x00000000a7600000, 0x00000000a7600000| Complete 
|  85|0x00000000a7700000, 0x00000000a7800000, 0x00000000a7800000|100%| E|CS|TAMS 0x00000000a7700000, 0x00000000a7700000| Complete 
|  86|0x00000000a7800000, 0x00000000a7900000, 0x00000000a7900000|100%| E|CS|TAMS 0x00000000a7800000, 0x00000000a7800000| Complete 
|  87|0x00000000a7900000, 0x00000000a7a00000, 0x00000000a7a00000|100%| E|CS|TAMS 0x00000000a7900000, 0x00000000a7900000| Complete 
|  88|0x00000000a7a00000, 0x00000000a7b00000, 0x00000000a7b00000|100%| E|CS|TAMS 0x00000000a7a00000, 0x00000000a7a00000| Complete 
|  89|0x00000000a7b00000, 0x00000000a7c00000, 0x00000000a7c00000|100%| E|CS|TAMS 0x00000000a7b00000, 0x00000000a7b00000| Complete 
|  90|0x00000000a7c00000, 0x00000000a7d00000, 0x00000000a7d00000|100%| E|CS|TAMS 0x00000000a7c00000, 0x00000000a7c00000| Complete 
|  91|0x00000000a7d00000, 0x00000000a7e00000, 0x00000000a7e00000|100%| E|CS|TAMS 0x00000000a7d00000, 0x00000000a7d00000| Complete 
|  92|0x00000000a7e00000, 0x00000000a7f00000, 0x00000000a7f00000|100%| E|CS|TAMS 0x00000000a7e00000, 0x00000000a7e00000| Complete 
|  93|0x00000000a7f00000, 0x00000000a8000000, 0x00000000a8000000|100%| E|CS|TAMS 0x00000000a7f00000, 0x00000000a7f00000| Complete 

Card table byte_map: [0x0000013ed08a0000,0x0000013ed0b90000] _byte_map_base: 0x0000013ed038f000

Marking Bits (Prev, Next): (CMBitMap*) 0x0000013eb9894d70, (CMBitMap*) 0x0000013eb9894db0
 Prev Bits: [0x0000013ed0e80000, 0x0000013ed25f8000)
 Next Bits: [0x0000013ed2600000, 0x0000013ed3d78000)

Polling page: 0x0000013eb77b0000

Metaspace:

Usage:
  Non-class:      6.17 MB used.
      Class:    855.62 KB used.
       Both:      7.01 MB used.

Virtual space:
  Non-class space:        8.00 MB reserved,       6.25 MB ( 78%) committed,  1 nodes.
      Class space:        1.00 GB reserved,     960.00 KB ( <1%) committed,  1 nodes.
             Both:        1.01 GB reserved,       7.19 MB ( <1%) committed. 

Chunk freelists:
   Non-Class:  64.00 KB
       Class:  3.11 MB
        Both:  3.17 MB

MaxMetaspaceSize: unlimited
CompressedClassSpaceSize: 1.00 GB
Initial GC threshold: 21.00 MB
Current GC threshold: 21.00 MB
CDS: on
MetaspaceReclaimPolicy: balanced
 - commit_granule_bytes: 65536.
 - commit_granule_words: 8192.
 - virtual_space_node_default_size: 1048576.
 - enlarge_chunks_in_place: 1.
 - new_chunks_are_fully_committed: 0.
 - uncommit_free_chunks: 1.
 - use_allocation_guard: 0.
 - handle_deallocations: 1.


Internal statistics:

num_allocs_failed_limit: 0.
num_arena_births: 44.
num_arena_deaths: 0.
num_vsnodes_births: 2.
num_vsnodes_deaths: 0.
num_space_committed: 115.
num_space_uncommitted: 0.
num_chunks_returned_to_freelist: 0.
num_chunks_taken_from_freelist: 262.
num_chunk_merges: 0.
num_chunk_splits: 171.
num_chunks_enlarged: 144.
num_purges: 0.
num_inconsistent_stats: 0.

CodeHeap 'non-profiled nmethods': size=120000Kb used=539Kb max_used=539Kb free=119460Kb
 bounds [0x0000013ec8b30000, 0x0000013ec8da0000, 0x0000013ed0060000]
CodeHeap 'profiled nmethods': size=120000Kb used=2753Kb max_used=2753Kb free=117246Kb
 bounds [0x0000013ec1600000, 0x0000013ec18c0000, 0x0000013ec8b30000]
CodeHeap 'non-nmethods': size=5760Kb used=1152Kb max_used=1178Kb free=4608Kb
 bounds [0x0000013ec1060000, 0x0000013ec12d0000, 0x0000013ec1600000]
 total_blobs=1850 nmethods=1408 adapters=355
 compilation: enabled
              stopped_count=0, restarted_count=0
 full_count=0

Compilation events (20 events):
Event: 2.181 Thread 0x0000013ed698b5a0 nmethod 1255 0x0000013ec8bb4810 code [0x0000013ec8bb4980, 0x0000013ec8bb4a78]
Event: 2.182 Thread 0x0000013ed698b5a0 1309       4       java.util.HashMap::hash (20 bytes)
Event: 2.183 Thread 0x0000013ed698b5a0 nmethod 1309 0x0000013ec8bb4b90 code [0x0000013ec8bb4d00, 0x0000013ec8bb4dd8]
Event: 2.183 Thread 0x0000013ed698b5a0 1310   !   4       java.nio.DirectIntBufferU::get (34 bytes)
Event: 2.184 Thread 0x0000013ed698b5a0 nmethod 1310 0x0000013ec8bb4e90 code [0x0000013ec8bb5000, 0x0000013ec8bb50d8]
Event: 2.185 Thread 0x0000013ed6995f70 1311       3       jdk.internal.reflect.ConstantPool::getUTF8At (10 bytes)
Event: 2.185 Thread 0x0000013ed698b5a0 1313       4       sun.reflect.generics.parser.SignatureParser::current (59 bytes)
Event: 2.185 Thread 0x0000013ed6995f70 nmethod 1311 0x0000013ec1862390 code [0x0000013ec1862520, 0x0000013ec1862668]
Event: 2.187 Thread 0x0000013ed698b5a0 nmethod 1313 0x0000013ec8bb5690 code [0x0000013ec8bb5820, 0x0000013ec8bb5928]
Event: 2.190 Thread 0x0000013ed6995f70 1314       3       java.util.concurrent.ConcurrentHashMap$BaseIterator::<init> (21 bytes)
Event: 2.190 Thread 0x0000013ed6995f70 nmethod 1314 0x0000013ec1862710 code [0x0000013ec18628c0, 0x0000013ec1862a98]
Event: 2.190 Thread 0x0000013ed6995f70 1315       3       java.util.concurrent.ConcurrentHashMap$Traverser::<init> (36 bytes)
Event: 2.190 Thread 0x0000013ed698b5a0 1316       4       java.io.WinNTFileSystem::normalize (143 bytes)
Event: 2.190 Thread 0x0000013ed6995f70 nmethod 1315 0x0000013ec1862b90 code [0x0000013ec1862d20, 0x0000013ec1862f18]
Event: 2.206 Thread 0x0000013ed6995f70 1320       3       java.util.concurrent.ConcurrentHashMap::values (25 bytes)
Event: 2.206 Thread 0x0000013ed6995f70 nmethod 1320 0x0000013ec1863010 code [0x0000013ec18631c0, 0x0000013ec1863558]
Event: 2.206 Thread 0x0000013ed6995f70 1321       3       java.util.concurrent.ConcurrentHashMap$ValuesView::iterator (34 bytes)
Event: 2.206 Thread 0x0000013ed6995f70 nmethod 1321 0x0000013ec1863690 code [0x0000013ec1863840, 0x0000013ec1863a68]
Event: 2.208 Thread 0x0000013ed6995f70 1322   !   3       sun.reflect.annotation.AnnotationParser::parseAnnotations (37 bytes)
Event: 2.209 Thread 0x0000013ed6995f70 nmethod 1322 0x0000013ec1863b90 code [0x0000013ec1863d80, 0x0000013ec18640a8]

GC Heap History (2 events):
Event: 1.800 GC heap before
{Heap before GC invocations=0 (full 0):
 garbage-first heap   total 96256K, used 22528K [0x00000000a2200000, 0x0000000100000000)
  region size 1024K, 23 young (23552K), 0 survivors (0K)
 Metaspace       used 5522K, committed 5696K, reserved 1056768K
  class space    used 662K, committed 768K, reserved 1048576K
}
Event: 1.809 GC heap after
{Heap after GC invocations=1 (full 0):
 garbage-first heap   total 96256K, used 3760K [0x00000000a2200000, 0x0000000100000000)
  region size 1024K, 3 young (3072K), 3 survivors (3072K)
 Metaspace       used 5522K, committed 5696K, reserved 1056768K
  class space    used 662K, committed 768K, reserved 1048576K
}

Deoptimization events (20 events):
Event: 2.150 Thread 0x0000013eb766c1f0 DEOPT PACKING pc=0x0000013ec17ebbf3 sp=0x00000016d60fde40
Event: 2.150 Thread 0x0000013eb766c1f0 DEOPT UNPACKING pc=0x0000013ec10b2b43 sp=0x00000016d60fd2b0 mode 0
Event: 2.177 Thread 0x0000013eb766c1f0 Uncommon trap: trap_request=0xffffffde fr.pc=0x0000013ec8bb3d2c relative=0x000000000000010c
Event: 2.177 Thread 0x0000013eb766c1f0 Uncommon trap: reason=class_check action=maybe_recompile pc=0x0000013ec8bb3d2c method=jdk.internal.misc.Unsafe.allocateUninitializedArray(Ljava/lang/Class;I)Ljava/lang/Object; @ 51 c2
Event: 2.177 Thread 0x0000013eb766c1f0 DEOPT PACKING pc=0x0000013ec8bb3d2c sp=0x00000016d60fbbb0
Event: 2.177 Thread 0x0000013eb766c1f0 DEOPT UNPACKING pc=0x0000013ec10b23a3 sp=0x00000016d60fbb38 mode 2
Event: 2.177 Thread 0x0000013eb766c1f0 Uncommon trap: trap_request=0xffffffde fr.pc=0x0000013ec8bb3d2c relative=0x000000000000010c
Event: 2.177 Thread 0x0000013eb766c1f0 Uncommon trap: reason=class_check action=maybe_recompile pc=0x0000013ec8bb3d2c method=jdk.internal.misc.Unsafe.allocateUninitializedArray(Ljava/lang/Class;I)Ljava/lang/Object; @ 51 c2
Event: 2.177 Thread 0x0000013eb766c1f0 DEOPT PACKING pc=0x0000013ec8bb3d2c sp=0x00000016d60fbc50
Event: 2.177 Thread 0x0000013eb766c1f0 DEOPT UNPACKING pc=0x0000013ec10b23a3 sp=0x00000016d60fbbd8 mode 2
Event: 2.177 Thread 0x0000013eb766c1f0 Uncommon trap: trap_request=0xffffffde fr.pc=0x0000013ec8bb3d2c relative=0x000000000000010c
Event: 2.177 Thread 0x0000013eb766c1f0 Uncommon trap: reason=class_check action=maybe_recompile pc=0x0000013ec8bb3d2c method=jdk.internal.misc.Unsafe.allocateUninitializedArray(Ljava/lang/Class;I)Ljava/lang/Object; @ 51 c2
Event: 2.177 Thread 0x0000013eb766c1f0 DEOPT PACKING pc=0x0000013ec8bb3d2c sp=0x00000016d60fbc30
Event: 2.177 Thread 0x0000013eb766c1f0 DEOPT UNPACKING pc=0x0000013ec10b23a3 sp=0x00000016d60fbbb8 mode 2
Event: 2.177 Thread 0x0000013eb766c1f0 Uncommon trap: trap_request=0xffffffde fr.pc=0x0000013ec8bb3d2c relative=0x000000000000010c
Event: 2.177 Thread 0x0000013eb766c1f0 Uncommon trap: reason=class_check action=maybe_recompile pc=0x0000013ec8bb3d2c method=jdk.internal.misc.Unsafe.allocateUninitializedArray(Ljava/lang/Class;I)Ljava/lang/Object; @ 51 c2
Event: 2.177 Thread 0x0000013eb766c1f0 DEOPT PACKING pc=0x0000013ec8bb3d2c sp=0x00000016d60fbcd0
Event: 2.177 Thread 0x0000013eb766c1f0 DEOPT UNPACKING pc=0x0000013ec10b23a3 sp=0x00000016d60fbc58 mode 2
Event: 2.190 Thread 0x0000013eb766c1f0 DEOPT PACKING pc=0x0000013ec163d388 sp=0x00000016d60fdb10
Event: 2.190 Thread 0x0000013eb766c1f0 DEOPT UNPACKING pc=0x0000013ec10b2b43 sp=0x00000016d60fd018 mode 0

Classes unloaded (0 events):
No events

Classes redefined (0 events):
No events

Internal exceptions (20 events):
Event: 0.654 Thread 0x0000013eb766c1f0 Exception <a 'java/lang/NullPointerException'{0x00000000a7b8a2f0}> (0x00000000a7b8a2f0) 
thrown [t:\workspace\open\src\hotspot\share\interpreter\linkResolver.cpp, line 1357]
Event: 0.843 Thread 0x0000013eb766c1f0 Exception <a 'java/lang/NullPointerException'{0x00000000a7bcf3a8}> (0x00000000a7bcf3a8) 
thrown [t:\workspace\open\src\hotspot\share\interpreter\linkResolver.cpp, line 1357]
Event: 0.843 Thread 0x0000013eb766c1f0 Exception <a 'java/lang/NullPointerException'{0x00000000a7bcf680}> (0x00000000a7bcf680) 
thrown [t:\workspace\open\src\hotspot\share\interpreter\linkResolver.cpp, line 1357]
Event: 0.843 Thread 0x0000013eb766c1f0 Exception <a 'java/lang/NullPointerException'{0x00000000a7bcf958}> (0x00000000a7bcf958) 
thrown [t:\workspace\open\src\hotspot\share\interpreter\linkResolver.cpp, line 1357]
Event: 0.845 Thread 0x0000013eb766c1f0 Exception <a 'java/lang/NullPointerException'{0x00000000a7bd4e20}> (0x00000000a7bd4e20) 
thrown [t:\workspace\open\src\hotspot\share\interpreter\linkResolver.cpp, line 1357]
Event: 0.848 Thread 0x0000013eb766c1f0 Exception <a 'java/lang/NullPointerException'{0x00000000a7bea3e0}> (0x00000000a7bea3e0) 
thrown [t:\workspace\open\src\hotspot\share\interpreter\linkResolver.cpp, line 1357]
Event: 0.848 Thread 0x0000013eb766c1f0 Exception <a 'java/lang/NullPointerException'{0x00000000a7bea6b8}> (0x00000000a7bea6b8) 
thrown [t:\workspace\open\src\hotspot\share\interpreter\linkResolver.cpp, line 1357]
Event: 0.848 Thread 0x0000013eb766c1f0 Exception <a 'java/lang/NullPointerException'{0x00000000a7bea990}> (0x00000000a7bea990) 
thrown [t:\workspace\open\src\hotspot\share\interpreter\linkResolver.cpp, line 1357]
Event: 0.848 Thread 0x0000013eb766c1f0 Exception <a 'java/lang/NullPointerException'{0x00000000a7beac68}> (0x00000000a7beac68) 
thrown [t:\workspace\open\src\hotspot\share\interpreter\linkResolver.cpp, line 1357]
Event: 0.897 Thread 0x0000013eb766c1f0 Exception <a 'java/lang/NoSuchMethodError'{0x00000000a7a8be10}: 'void java.lang.invoke.DirectMethodHandle$Holder.invokeStatic(java.lang.Object, java.lang.Object, java.lang.Object)'> (0x00000000a7a8be10) 
thrown [t:\workspace\open\src\hotspot\share\interpreter\linkResolver.cpp, line 766]
Event: 0.910 Thread 0x0000013eb766c1f0 Exception <a 'java/lang/NoSuchMethodError'{0x00000000a7ae7690}: 'int java.lang.invoke.DirectMethodHandle$Holder.invokeStatic(java.lang.Object, java.lang.Object, int)'> (0x00000000a7ae7690) 
thrown [t:\workspace\open\src\hotspot\share\interpreter\linkResolver.cpp, line 766]
Event: 1.029 Thread 0x0000013eb766c1f0 Exception <a 'java/lang/NoSuchMethodError'{0x00000000a7852bb0}: 'java.lang.Object java.lang.invoke.DirectMethodHandle$Holder.invokeSpecialIFC(java.lang.Object, java.lang.Object, java.lang.Object, java.lang.Object)'> (0x00000000a7852bb0) 
thrown [t:\workspace\open\src\hotspot\share\interpreter\linkResolver.cpp, line 766]
Event: 1.360 Thread 0x0000013eb766c1f0 Exception <a 'java/lang/NoSuchMethodError'{0x00000000a73c6d10}: 'java.lang.Object java.lang.invoke.DirectMethodHandle$Holder.invokeStaticInit(java.lang.Object)'> (0x00000000a73c6d10) 
thrown [t:\workspace\open\src\hotspot\share\interpreter\linkResolver.cpp, line 766]
Event: 1.370 Thread 0x0000013eb766c1f0 Exception <a 'java/lang/NoSuchMethodError'{0x00000000a73e23b8}: 'void java.lang.invoke.DirectMethodHandle$Holder.invokeSpecial(java.lang.Object, java.lang.Object, java.lang.Object)'> (0x00000000a73e23b8) 
thrown [t:\workspace\open\src\hotspot\share\interpreter\linkResolver.cpp, line 766]
Event: 1.463 Thread 0x0000013eb766c1f0 Exception <a 'java/lang/NoSuchMethodError'{0x00000000a7136e68}: 'java.lang.Object java.lang.invoke.DirectMethodHandle$Holder.invokeInterface(java.lang.Object, java.lang.Object)'> (0x00000000a7136e68) 
thrown [t:\workspace\open\src\hotspot\share\interpreter\linkResolver.cpp, line 766]
Event: 1.508 Thread 0x0000013eb766c1f0 Exception <a 'java/lang/NoSuchMethodError'{0x00000000a71d8b30}: 'java.lang.Object java.lang.invoke.Invokers$Holder.invokeExact_MT(java.lang.Object, java.lang.Object, java.lang.Object, java.lang.Object, java.lang.Object, java.lang.Object)'> (0x00000000a71d8b30) 
thrown [t:\workspace\open\src\hotspot\share\interpreter\linkResolver.cpp, line 766]
Event: 1.512 Thread 0x0000013eb766c1f0 Exception <a 'java/lang/NoSuchMethodError'{0x00000000a71e9f90}: 'int java.lang.invoke.DirectMethodHandle$Holder.invokeSpecialIFC(java.lang.Object, java.lang.Object, java.lang.Object, java.lang.Object, java.lang.Object)'> (0x00000000a71e9f90) 
thrown [t:\workspace\open\src\hotspot\share\interpreter\linkResolver.cpp, line 766]
Event: 1.615 Thread 0x0000013eb766c1f0 Exception <a 'java/lang/NoSuchMethodError'{0x00000000a6f7d698}: 'java.lang.Object java.lang.invoke.DirectMethodHandle$Holder.newInvokeSpecial(java.lang.Object, java.lang.Object, java.lang.Object, java.lang.Object, java.lang.Object)'> (0x00000000a6f7d698) 
thrown [t:\workspace\open\src\hotspot\share\interpreter\linkResolver.cpp, line 766]
Event: 1.671 Thread 0x0000013eb766c1f0 Exception <a 'java/lang/NoSuchMethodError'{0x00000000a6e7ab38}: 'int java.lang.invoke.DirectMethodHandle$Holder.invokeStaticInit(java.lang.Object, java.lang.Object)'> (0x00000000a6e7ab38) 
thrown [t:\workspace\open\src\hotspot\share\interpreter\linkResolver.cpp, line 766]
Event: 1.687 Thread 0x0000013eb766c1f0 Exception <a 'java/lang/NoClassDefFoundError'{0x00000000a6eb1b98}: javax/enterprise/inject/Typed> (0x00000000a6eb1b98) 
thrown [t:\workspace\open\src\hotspot\share\classfile\systemDictionary.cpp, line 245]

VM Operations (20 events):
Event: 1.892 Executing VM operation: ICBufferFull
Event: 1.892 Executing VM operation: ICBufferFull done
Event: 1.894 Executing VM operation: ICBufferFull
Event: 1.894 Executing VM operation: ICBufferFull done
Event: 1.896 Executing VM operation: ICBufferFull
Event: 1.896 Executing VM operation: ICBufferFull done
Event: 1.898 Executing VM operation: ICBufferFull
Event: 1.898 Executing VM operation: ICBufferFull done
Event: 1.901 Executing VM operation: ICBufferFull
Event: 1.901 Executing VM operation: ICBufferFull done
Event: 1.967 Executing VM operation: ICBufferFull
Event: 1.967 Executing VM operation: ICBufferFull done
Event: 1.977 Executing VM operation: ICBufferFull
Event: 1.977 Executing VM operation: ICBufferFull done
Event: 1.978 Executing VM operation: ICBufferFull
Event: 1.978 Executing VM operation: ICBufferFull done
Event: 2.028 Executing VM operation: ICBufferFull
Event: 2.028 Executing VM operation: ICBufferFull done
Event: 2.032 Executing VM operation: ICBufferFull
Event: 2.032 Executing VM operation: ICBufferFull done

Events (20 events):
Event: 2.011 loading class jdk/internal/reflect/ByteVectorImpl
Event: 2.011 loading class jdk/internal/reflect/ByteVector
Event: 2.011 loading class jdk/internal/reflect/ByteVector done
Event: 2.011 loading class jdk/internal/reflect/ByteVectorImpl done
Event: 2.011 loading class jdk/internal/reflect/ClassFileAssembler
Event: 2.012 loading class jdk/internal/reflect/ClassFileAssembler done
Event: 2.012 loading class jdk/internal/reflect/UTF8
Event: 2.012 loading class jdk/internal/reflect/UTF8 done
Event: 2.013 loading class jdk/internal/reflect/Label
Event: 2.013 loading class jdk/internal/reflect/Label done
Event: 2.013 loading class jdk/internal/reflect/Label$PatchInfo
Event: 2.013 loading class jdk/internal/reflect/Label$PatchInfo done
Event: 2.013 loading class jdk/internal/reflect/MethodAccessorGenerator$1
Event: 2.013 loading class jdk/internal/reflect/MethodAccessorGenerator$1 done
Event: 2.013 loading class jdk/internal/reflect/ClassDefiner
Event: 2.013 loading class jdk/internal/reflect/ClassDefiner done
Event: 2.013 loading class jdk/internal/reflect/ClassDefiner$1
Event: 2.013 loading class jdk/internal/reflect/ClassDefiner$1 done
Event: 2.014 loading class jdk/internal/reflect/BootstrapConstructorAccessorImpl
Event: 2.014 loading class jdk/internal/reflect/BootstrapConstructorAccessorImpl done


Dynamic libraries:
0x00007ff6d01a0000 - 0x00007ff6d01b0000 	C:\Program Files\Java\jdk-17\bin\java.exe
0x00007ffc82c70000 - 0x00007ffc82e87000 	C:\WINDOWS\SYSTEM32\ntdll.dll
0x00007ffc81cf0000 - 0x00007ffc81db4000 	C:\WINDOWS\System32\KERNEL32.DLL
0x00007ffc805a0000 - 0x00007ffc80946000 	C:\WINDOWS\System32\KERNELBASE.dll
0x00007ffc80080000 - 0x00007ffc80191000 	C:\WINDOWS\System32\ucrtbase.dll
0x00007ffc4fa20000 - 0x00007ffc4fa38000 	C:\Program Files\Java\jdk-17\bin\jli.dll
0x00007ffc5d8a0000 - 0x00007ffc5d8ba000 	C:\Program Files\Java\jdk-17\bin\VCRUNTIME140.dll
0x00007ffc810d0000 - 0x00007ffc81181000 	C:\WINDOWS\System32\ADVAPI32.dll
0x00007ffc812f0000 - 0x00007ffc81397000 	C:\WINDOWS\System32\msvcrt.dll
0x00007ffc81020000 - 0x00007ffc810c5000 	C:\WINDOWS\System32\sechost.dll
0x00007ffc81190000 - 0x00007ffc812a7000 	C:\WINDOWS\System32\RPCRT4.dll
0x00007ffc81730000 - 0x00007ffc818de000 	C:\WINDOWS\System32\USER32.dll
0x00007ffc802e0000 - 0x00007ffc80306000 	C:\WINDOWS\System32\win32u.dll
0x00007ffc56e70000 - 0x00007ffc57103000 	C:\WINDOWS\WinSxS\amd64_microsoft.windows.common-controls_6595b64144ccf1df_6.0.22621.2506_none_270c5ae97388e100\COMCTL32.dll
0x00007ffc815c0000 - 0x00007ffc815e9000 	C:\WINDOWS\System32\GDI32.dll
0x00007ffc80310000 - 0x00007ffc80428000 	C:\WINDOWS\System32\gdi32full.dll
0x00007ffc7ffe0000 - 0x00007ffc8007a000 	C:\WINDOWS\System32\msvcp_win.dll
0x00007ffc76f80000 - 0x00007ffc76f8a000 	C:\WINDOWS\SYSTEM32\VERSION.dll
0x00007ffc812b0000 - 0x00007ffc812e1000 	C:\WINDOWS\System32\IMM32.DLL
0x00007ffc776e0000 - 0x00007ffc776ec000 	C:\Program Files\Java\jdk-17\bin\vcruntime140_1.dll
0x00007ffc2d060000 - 0x00007ffc2d0ed000 	C:\Program Files\Java\jdk-17\bin\msvcp140.dll
0x00007ffc2b9a0000 - 0x00007ffc2c55e000 	C:\Program Files\Java\jdk-17\bin\server\jvm.dll
0x00007ffc81010000 - 0x00007ffc81018000 	C:\WINDOWS\System32\PSAPI.DLL
0x00007ffc7d880000 - 0x00007ffc7d8b4000 	C:\WINDOWS\SYSTEM32\WINMM.dll
0x00007ffc6f2a0000 - 0x00007ffc6f2a9000 	C:\WINDOWS\SYSTEM32\WSOCK32.dll
0x00007ffc81c70000 - 0x00007ffc81ce1000 	C:\WINDOWS\System32\WS2_32.dll
0x00007ffc7efb0000 - 0x00007ffc7efc8000 	C:\WINDOWS\SYSTEM32\kernel.appcore.dll
0x00007ffc73490000 - 0x00007ffc7349a000 	C:\Program Files\Java\jdk-17\bin\jimage.dll
0x00007ffc7d600000 - 0x00007ffc7d833000 	C:\WINDOWS\SYSTEM32\DBGHELP.DLL
0x00007ffc80c80000 - 0x00007ffc81009000 	C:\WINDOWS\System32\combase.dll
0x00007ffc815f0000 - 0x00007ffc816c7000 	C:\WINDOWS\System32\OLEAUT32.dll
0x00007ffc7d840000 - 0x00007ffc7d872000 	C:\WINDOWS\SYSTEM32\dbgcore.DLL
0x00007ffc80260000 - 0x00007ffc802da000 	C:\WINDOWS\System32\bcryptPrimitives.dll
0x00007ffc48430000 - 0x00007ffc48455000 	C:\Program Files\Java\jdk-17\bin\java.dll
0x00007ffc2cf80000 - 0x00007ffc2d056000 	C:\Program Files\Java\jdk-17\bin\svml.dll
0x00007ffc82350000 - 0x00007ffc82baa000 	C:\WINDOWS\System32\SHELL32.dll
0x00007ffc7deb0000 - 0x00007ffc7e7a6000 	C:\WINDOWS\SYSTEM32\windows.storage.dll
0x00007ffc7dd70000 - 0x00007ffc7deae000 	C:\WINDOWS\SYSTEM32\wintypes.dll
0x00007ffc80b80000 - 0x00007ffc80c73000 	C:\WINDOWS\System32\SHCORE.dll
0x00007ffc816d0000 - 0x00007ffc8172e000 	C:\WINDOWS\System32\shlwapi.dll
0x00007ffc7ff10000 - 0x00007ffc7ff36000 	C:\WINDOWS\SYSTEM32\profapi.dll
0x00007ffc4cc00000 - 0x00007ffc4cc19000 	C:\Program Files\Java\jdk-17\bin\net.dll
0x00007ffc7ab60000 - 0x00007ffc7ac97000 	C:\WINDOWS\SYSTEM32\WINHTTP.dll
0x00007ffc7f460000 - 0x00007ffc7f4c9000 	C:\WINDOWS\system32\mswsock.dll
0x00007ffc4af90000 - 0x00007ffc4afa5000 	C:\Program Files\Java\jdk-17\bin\nio.dll
0x00007ffc4a260000 - 0x00007ffc4a278000 	C:\Program Files\Java\jdk-17\bin\zip.dll
0x0000000069ac0000 - 0x0000000069ae4000 	C:\apache-maven-3.9.6\lib\jansi-native\Windows\x86_64\jansi.dll
0x00007ffc5a700000 - 0x00007ffc5a710000 	C:\Program Files\Java\jdk-17\bin\verify.dll

dbghelp: loaded successfully - version: 4.0.5 - missing functions: none
symbol engine: initialized successfully - sym options: 0x614 - pdb path: .;C:\Program Files\Java\jdk-17\bin;C:\WINDOWS\SYSTEM32;C:\WINDOWS\WinSxS\amd64_microsoft.windows.common-controls_6595b64144ccf1df_6.0.22621.2506_none_270c5ae97388e100;C:\Program Files\Java\jdk-17\bin\server;C:\apache-maven-3.9.6\lib\jansi-native\Windows\x86_64

VM Arguments:
jvm_args: -Dclassworlds.conf=C:\apache-maven-3.9.6\bin\m2.conf -Dmaven.home=C:\apache-maven-3.9.6 -Dlibrary.jansi.path=C:\apache-maven-3.9.6\lib\jansi-native -Dmaven.multiModuleProjectDirectory=C:\Microservicesudemy\microservices\section6\v2-spring-cloud-config\configserver 
java_command: org.codehaus.plexus.classworlds.launcher.Launcher compile jib:dockerBuild
java_class_path (initial): C:\apache-maven-3.9.6\boot\plexus-classworlds-2.7.0.jar
Launcher Type: SUN_STANDARD

[Global flags]
     intx CICompilerCount                          = 4                                         {product} {ergonomic}
     uint ConcGCThreads                            = 3                                         {product} {ergonomic}
     uint G1ConcRefinementThreads                  = 10                                        {product} {ergonomic}
   size_t G1HeapRegionSize                         = 1048576                                   {product} {ergonomic}
    uintx GCDrainStackTargetSize                   = 64                                        {product} {ergonomic}
   size_t InitialHeapSize                          = 98566144                                  {product} {ergonomic}
   size_t MarkStackSize                            = 4194304                                   {product} {ergonomic}
   size_t MaxHeapSize                              = 1574961152                                {product} {ergonomic}
   size_t MaxNewSize                               = 944766976                                 {product} {ergonomic}
   size_t MinHeapDeltaBytes                        = 1048576                                   {product} {ergonomic}
   size_t MinHeapSize                              = 8388608                                   {product} {ergonomic}
    uintx NonNMethodCodeHeapSize                   = 5839372                                {pd product} {ergonomic}
    uintx NonProfiledCodeHeapSize                  = 122909434                              {pd product} {ergonomic}
    uintx ProfiledCodeHeapSize                     = 122909434                              {pd product} {ergonomic}
    uintx ReservedCodeCacheSize                    = 251658240                              {pd product} {ergonomic}
     bool SegmentedCodeCache                       = true                                      {product} {ergonomic}
   size_t SoftMaxHeapSize                          = 1574961152                             {manageable} {ergonomic}
     bool UseCompressedClassPointers               = true                           {product lp64_product} {ergonomic}
     bool UseCompressedOops                        = true                           {product lp64_product} {ergonomic}
     bool UseG1GC                                  = true                                      {product} {ergonomic}
     bool UseLargePagesIndividualAllocation        = false                                  {pd product} {ergonomic}

Logging:
Log output configuration:
 #0: stdout all=warning uptime,level,tags
 #1: stderr all=off uptime,level,tags

Environment Variables:
CLASSPATH=C:\ojdbc8-21.1.0.0.jar
PATH=C:\oracle\WINDOWS.X64_213000_db_home\bin;C:\App\WINDOWS.X64_213000_db_home\bin;C:\Program Files\Common Files\Oracle\Java\javapath;C:\WINDOWS\system32;C:\WINDOWS;C:\WINDOWS\System32\Wbem;C:\WINDOWS\System32\WindowsPowerShell\v1.0\;C:\WINDOWS\System32\OpenSSH\;C:\Program Files\nodejs\;C:\Program Files\Git\cmd;C:\Program Files\Java\jdk-17\bin;C:\Program Files\Docker\Docker\resources\bin;C:\apache-maven-3.9.6\bin;C:\Users\Pranaya\AppData\Local\Microsoft\WindowsApps;C:\Users\Pranaya\AppData\Roaming\npm;C:\react\Microsoft VS Code\bin;;C:\Program Files\JetBrains\IntelliJ IDEA Community Edition 2023.3.2\bin;
USERNAME=Pranaya
OS=Windows_NT
PROCESSOR_IDENTIFIER=AMD64 Family 23 Model 104 Stepping 1, AuthenticAMD



---------------  S Y S T E M  ---------------

OS:
 Windows 10 , 64 bit Build 22621 (10.0.22621.2506)
OS uptime: 1 days 7:56 hours
Hyper-V role detected

CPU: total 12 (initial active 12) (12 cores per cpu, 2 threads per core) family 23 model 104 stepping 1 microcode 0x0, cx8, cmov, fxsr, ht, mmx, 3dnowpref, sse, sse2, sse3, ssse3, sse4a, sse4.1, sse4.2, popcnt, lzcnt, tsc, tscinvbit, avx, avx2, aes, clmul, bmi1, bmi2, adx, sha, fma, vzeroupper, clflush, clflushopt, hv

Memory: 4k page, system-wide physical 6005M (115M free)
TotalPageFile size 24437M (AvailPageFile size 5M)
current process WorkingSet (physical memory assigned to process): 81M, peak: 81M
current process commit charge ("private bytes"): 197M, peak: 197M

vm_info: Java HotSpot(TM) 64-Bit Server VM (17+35-LTS-2724) for windows-amd64 JRE (17+35-LTS-2724), built on Aug  5 2021 23:28:28 by "mach5one" with MS VC++ 16.8 (VS2019)

END.
