#
# There is insufficient memory for the Java Runtime Environment to continue.
# Native memory allocation (malloc) failed to allocate 358176 bytes for Chunk::new
# Possible reasons:
#   The system is out of physical RAM or swap space
#   The process is running with CompressedOops enabled, and the Java Heap may be blocking the growth of the native heap
# Possible solutions:
#   Reduce memory load on the system
#   Increase physical memory or swap space
#   Check if swap backing store is full
#   Decrease Java heap size (-Xmx/-Xms)
#   Decrease number of Java threads
#   Decrease Java thread stack sizes (-Xss)
#   Set larger code cache with -XX:ReservedCodeCacheSize=
#   JVM is running with Unscaled Compressed Oops mode in which the Java heap is
#     placed in the first 4GB address space. The Java Heap base address is the
#     maximum limit for the native heap growth. Please use -XX:HeapBaseMinAddress
#     to set the Java Heap base and to place the Java Heap above 4GB virtual address.
# This output file may be truncated or incomplete.
#
#  Out of Memory Error (arena.cpp:189), pid=19020, tid=5216
#
# JRE version: Java(TM) SE Runtime Environment (17.0+35) (build 17+35-LTS-2724)
# Java VM: Java HotSpot(TM) 64-Bit Server VM (17+35-LTS-2724, mixed mode, sharing, tiered, compressed oops, compressed class ptrs, g1 gc, windows-amd64)
# No core dump will be written. Minidumps are not enabled by default on client versions of Windows
#

---------------  S U M M A R Y ------------

Command Line: -Dclassworlds.conf=C:\apache-maven-3.9.6\bin\m2.conf -Dmaven.home=C:\apache-maven-3.9.6 -Dlibrary.jansi.path=C:\apache-maven-3.9.6\lib\jansi-native -Dmaven.multiModuleProjectDirectory=C:\Microservicesudemy\microservices\section6\v2-spring-cloud-config\configserver org.codehaus.plexus.classworlds.launcher.Launcher compile jib:dockerBuild

Host: AMD Ryzen 5 5500U with Radeon Graphics         , 12 cores, 5G,  Windows 10 , 64 bit Build 22621 (10.0.22621.2506)
Time: Thu Dec 28 19:59:09 2023 India Standard Time elapsed time: 2.649993 seconds (0d 0h 0m 2s)

---------------  T H R E A D  ---------------

Current thread (0x000001c874ea0690):  JavaThread "C2 CompilerThread0" daemon [_thread_in_native, id=5216, stack(0x000000bb98300000,0x000000bb98400000)]


Current CompileTask:
C2:   2650 1350       4       jdk.internal.jimage.ImageLocation::verify (218 bytes)

Stack: [0x000000bb98300000,0x000000bb98400000]
Native frames: (J=compiled Java code, j=interpreted, Vv=VM code, C=native code)
V  [jvm.dll+0x66f8ea]
V  [jvm.dll+0x7ce224]
V  [jvm.dll+0x7cf9ce]
V  [jvm.dll+0x7d0033]
V  [jvm.dll+0x242bb5]
V  [jvm.dll+0xaa05b]
V  [jvm.dll+0xaa5ec]
V  [jvm.dll+0x35f9f7]
V  [jvm.dll+0x329f61]
V  [jvm.dll+0x32940a]
V  [jvm.dll+0x215ca1]
V  [jvm.dll+0x2150c1]
V  [jvm.dll+0x1a168d]
V  [jvm.dll+0x2248f8]
V  [jvm.dll+0x222a5c]
V  [jvm.dll+0x78422b]
V  [jvm.dll+0x77e7ea]
V  [jvm.dll+0x66e715]
C  [ucrtbase.dll+0x29363]
C  [KERNEL32.DLL+0x1257d]
C  [ntdll.dll+0x5aa58]


---------------  P R O C E S S  ---------------

Threads class SMR info:
_java_thread_list=0x000001c87595c3b0, length=12, elements={
0x000001c855deb230, 0x000001c874e7bbd0, 0x000001c874e7ca40, 0x000001c874e904d0,
0x000001c874e91080, 0x000001c874e93a40, 0x000001c874e978f0, 0x000001c874ea0690,
0x000001c874ea3140, 0x000001c874ea6320, 0x000001c87598d030, 0x000001c875993fd0
}

Java Threads: ( => current thread )
  0x000001c855deb230 JavaThread "main" [_thread_in_vm, id=15324, stack(0x000000bb97600000,0x000000bb97700000)]
  0x000001c874e7bbd0 JavaThread "Reference Handler" daemon [_thread_blocked, id=16008, stack(0x000000bb97d00000,0x000000bb97e00000)]
  0x000001c874e7ca40 JavaThread "Finalizer" daemon [_thread_blocked, id=21688, stack(0x000000bb97e00000,0x000000bb97f00000)]
  0x000001c874e904d0 JavaThread "Signal Dispatcher" daemon [_thread_blocked, id=6828, stack(0x000000bb97f00000,0x000000bb98000000)]
  0x000001c874e91080 JavaThread "Attach Listener" daemon [_thread_blocked, id=27416, stack(0x000000bb98000000,0x000000bb98100000)]
  0x000001c874e93a40 JavaThread "Service Thread" daemon [_thread_blocked, id=26644, stack(0x000000bb98100000,0x000000bb98200000)]
  0x000001c874e978f0 JavaThread "Monitor Deflation Thread" daemon [_thread_blocked, id=10840, stack(0x000000bb98200000,0x000000bb98300000)]
=>0x000001c874ea0690 JavaThread "C2 CompilerThread0" daemon [_thread_in_native, id=5216, stack(0x000000bb98300000,0x000000bb98400000)]
  0x000001c874ea3140 JavaThread "C1 CompilerThread0" daemon [_thread_in_native, id=13652, stack(0x000000bb98400000,0x000000bb98500000)]
  0x000001c874ea6320 JavaThread "Sweeper thread" daemon [_thread_blocked, id=22764, stack(0x000000bb98500000,0x000000bb98600000)]
  0x000001c87598d030 JavaThread "Notification Thread" daemon [_thread_blocked, id=25852, stack(0x000000bb98600000,0x000000bb98700000)]
  0x000001c875993fd0 JavaThread "Common-Cleaner" daemon [_thread_blocked, id=10188, stack(0x000000bb98800000,0x000000bb98900000)]

Other Threads:
  0x000001c874e73bb0 VMThread "VM Thread" [stack: 0x000000bb97c00000,0x000000bb97d00000] [id=15948]
  0x000001c87598f920 WatcherThread [stack: 0x000000bb98700000,0x000000bb98800000] [id=21992]
  0x000001c855e21ec0 GCTaskThread "GC Thread#0" [stack: 0x000000bb97700000,0x000000bb97800000] [id=4848]
  0x000001c87620aab0 GCTaskThread "GC Thread#1" [stack: 0x000000bb98900000,0x000000bb98a00000] [id=29860]
  0x000001c876258b30 GCTaskThread "GC Thread#2" [stack: 0x000000bb98a00000,0x000000bb98b00000] [id=26404]
  0x000001c876258de0 GCTaskThread "GC Thread#3" [stack: 0x000000bb98b00000,0x000000bb98c00000] [id=31188]
  0x000001c876290970 GCTaskThread "GC Thread#4" [stack: 0x000000bb98c00000,0x000000bb98d00000] [id=6944]
  0x000001c876290c20 GCTaskThread "GC Thread#5" [stack: 0x000000bb98d00000,0x000000bb98e00000] [id=31404]
  0x000001c8764529d0 GCTaskThread "GC Thread#6" [stack: 0x000000bb98e00000,0x000000bb98f00000] [id=24472]
  0x000001c876452c80 GCTaskThread "GC Thread#7" [stack: 0x000000bb98f00000,0x000000bb99000000] [id=29360]
  0x000001c855e30170 ConcurrentGCThread "G1 Main Marker" [stack: 0x000000bb97800000,0x000000bb97900000] [id=29324]
  0x000001c855e31b90 ConcurrentGCThread "G1 Conc#0" [stack: 0x000000bb97900000,0x000000bb97a00000] [id=11344]
  0x000001c855eadca0 ConcurrentGCThread "G1 Refine#0" [stack: 0x000000bb97a00000,0x000000bb97b00000] [id=14656]
  0x000001c855eae6c0 ConcurrentGCThread "G1 Service" [stack: 0x000000bb97b00000,0x000000bb97c00000] [id=30932]

Threads with active compile tasks:
C2 CompilerThread0     2729 1350       4       jdk.internal.jimage.ImageLocation::verify (218 bytes)
C1 CompilerThread0     2729 1408       3       java.util.LinkedHashMap$LinkedKeyIterator::next (8 bytes)

VM state: not at safepoint (normal execution)

VM Mutex/Monitor currently owned by a thread: None

Heap address: 0x00000000a2200000, size: 1502 MB, Compressed Oops mode: 32-bit

CDS archive(s) mapped at: [0x0000000800000000-0x0000000800bc0000-0x0000000800bc0000), size 12320768, SharedBaseAddress: 0x0000000800000000, ArchiveRelocationMode: 0.
Compressed class space mapped at: 0x0000000800c00000-0x0000000840c00000, reserved size: 1073741824
Narrow klass base: 0x0000000800000000, Narrow klass shift: 0, Narrow klass range: 0x100000000

GC Precious Log:
 CPUs: 12 total, 12 available
 Memory: 6005M
 Large Page Support: Disabled
 NUMA Support: Disabled
 Compressed Oops: Enabled (32-bit)
 Heap Region Size: 1M
 Heap Min Capacity: 8M
 Heap Initial Capacity: 94M
 Heap Max Capacity: 1502M
 Pre-touch: Disabled
 Parallel Workers: 10
 Concurrent Workers: 3
 Concurrent Refinement Workers: 10
 Periodic GC: Disabled

Heap:
 garbage-first heap   total 96256K, used 19320K [0x00000000a2200000, 0x0000000100000000)
  region size 1024K, 19 young (19456K), 3 survivors (3072K)
 Metaspace       used 7018K, committed 7168K, reserved 1056768K
  class space    used 832K, committed 896K, reserved 1048576K

Heap Regions: E=young(eden), S=young(survivor), O=old, HS=humongous(starts), HC=humongous(continues), CS=collection set, F=free, OA=open archive, CA=closed archive, TAMS=top-at-mark-start (previous, next)
|   0|0x00000000a2200000, 0x00000000a22de200, 0x00000000a2300000| 86%| O|  |TAMS 0x00000000a2200000, 0x00000000a2200000| Untracked 
|   1|0x00000000a2300000, 0x00000000a2300000, 0x00000000a2400000|  0%| F|  |TAMS 0x00000000a2300000, 0x00000000a2300000| Untracked 
|   2|0x00000000a2400000, 0x00000000a2400000, 0x00000000a2500000|  0%| F|  |TAMS 0x00000000a2400000, 0x00000000a2400000| Untracked 
|   3|0x00000000a2500000, 0x00000000a2500000, 0x00000000a2600000|  0%| F|  |TAMS 0x00000000a2500000, 0x00000000a2500000| Untracked 
|   4|0x00000000a2600000, 0x00000000a2600000, 0x00000000a2700000|  0%| F|  |TAMS 0x00000000a2600000, 0x00000000a2600000| Untracked 
|   5|0x00000000a2700000, 0x00000000a2700000, 0x00000000a2800000|  0%| F|  |TAMS 0x00000000a2700000, 0x00000000a2700000| Untracked 
|   6|0x00000000a2800000, 0x00000000a2800000, 0x00000000a2900000|  0%| F|  |TAMS 0x00000000a2800000, 0x00000000a2800000| Untracked 
|   7|0x00000000a2900000, 0x00000000a2900000, 0x00000000a2a00000|  0%| F|  |TAMS 0x00000000a2900000, 0x00000000a2900000| Untracked 
|   8|0x00000000a2a00000, 0x00000000a2a00000, 0x00000000a2b00000|  0%| F|  |TAMS 0x00000000a2a00000, 0x00000000a2a00000| Untracked 
|   9|0x00000000a2b00000, 0x00000000a2b00000, 0x00000000a2c00000|  0%| F|  |TAMS 0x00000000a2b00000, 0x00000000a2b00000| Untracked 
|  10|0x00000000a2c00000, 0x00000000a2c00000, 0x00000000a2d00000|  0%| F|  |TAMS 0x00000000a2c00000, 0x00000000a2c00000| Untracked 
|  11|0x00000000a2d00000, 0x00000000a2d00000, 0x00000000a2e00000|  0%| F|  |TAMS 0x00000000a2d00000, 0x00000000a2d00000| Untracked 
|  12|0x00000000a2e00000, 0x00000000a2e00000, 0x00000000a2f00000|  0%| F|  |TAMS 0x00000000a2e00000, 0x00000000a2e00000| Untracked 
|  13|0x00000000a2f00000, 0x00000000a2f00000, 0x00000000a3000000|  0%| F|  |TAMS 0x00000000a2f00000, 0x00000000a2f00000| Untracked 
|  14|0x00000000a3000000, 0x00000000a3000000, 0x00000000a3100000|  0%| F|  |TAMS 0x00000000a3000000, 0x00000000a3000000| Untracked 
|  15|0x00000000a3100000, 0x00000000a3100000, 0x00000000a3200000|  0%| F|  |TAMS 0x00000000a3100000, 0x00000000a3100000| Untracked 
|  16|0x00000000a3200000, 0x00000000a3200000, 0x00000000a3300000|  0%| F|  |TAMS 0x00000000a3200000, 0x00000000a3200000| Untracked 
|  17|0x00000000a3300000, 0x00000000a3300000, 0x00000000a3400000|  0%| F|  |TAMS 0x00000000a3300000, 0x00000000a3300000| Untracked 
|  18|0x00000000a3400000, 0x00000000a3400000, 0x00000000a3500000|  0%| F|  |TAMS 0x00000000a3400000, 0x00000000a3400000| Untracked 
|  19|0x00000000a3500000, 0x00000000a3500000, 0x00000000a3600000|  0%| F|  |TAMS 0x00000000a3500000, 0x00000000a3500000| Untracked 
|  20|0x00000000a3600000, 0x00000000a3600000, 0x00000000a3700000|  0%| F|  |TAMS 0x00000000a3600000, 0x00000000a3600000| Untracked 
|  21|0x00000000a3700000, 0x00000000a3700000, 0x00000000a3800000|  0%| F|  |TAMS 0x00000000a3700000, 0x00000000a3700000| Untracked 
|  22|0x00000000a3800000, 0x00000000a3800000, 0x00000000a3900000|  0%| F|  |TAMS 0x00000000a3800000, 0x00000000a3800000| Untracked 
|  23|0x00000000a3900000, 0x00000000a3900000, 0x00000000a3a00000|  0%| F|  |TAMS 0x00000000a3900000, 0x00000000a3900000| Untracked 
|  24|0x00000000a3a00000, 0x00000000a3a00000, 0x00000000a3b00000|  0%| F|  |TAMS 0x00000000a3a00000, 0x00000000a3a00000| Untracked 
|  25|0x00000000a3b00000, 0x00000000a3b00000, 0x00000000a3c00000|  0%| F|  |TAMS 0x00000000a3b00000, 0x00000000a3b00000| Untracked 
|  26|0x00000000a3c00000, 0x00000000a3c00000, 0x00000000a3d00000|  0%| F|  |TAMS 0x00000000a3c00000, 0x00000000a3c00000| Untracked 
|  27|0x00000000a3d00000, 0x00000000a3d00000, 0x00000000a3e00000|  0%| F|  |TAMS 0x00000000a3d00000, 0x00000000a3d00000| Untracked 
|  28|0x00000000a3e00000, 0x00000000a3e00000, 0x00000000a3f00000|  0%| F|  |TAMS 0x00000000a3e00000, 0x00000000a3e00000| Untracked 
|  29|0x00000000a3f00000, 0x00000000a3f00000, 0x00000000a4000000|  0%| F|  |TAMS 0x00000000a3f00000, 0x00000000a3f00000| Untracked 
|  30|0x00000000a4000000, 0x00000000a4000000, 0x00000000a4100000|  0%| F|  |TAMS 0x00000000a4000000, 0x00000000a4000000| Untracked 
|  31|0x00000000a4100000, 0x00000000a4100000, 0x00000000a4200000|  0%| F|  |TAMS 0x00000000a4100000, 0x00000000a4100000| Untracked 
|  32|0x00000000a4200000, 0x00000000a4200000, 0x00000000a4300000|  0%| F|  |TAMS 0x00000000a4200000, 0x00000000a4200000| Untracked 
|  33|0x00000000a4300000, 0x00000000a4300000, 0x00000000a4400000|  0%| F|  |TAMS 0x00000000a4300000, 0x00000000a4300000| Untracked 
|  34|0x00000000a4400000, 0x00000000a4400000, 0x00000000a4500000|  0%| F|  |TAMS 0x00000000a4400000, 0x00000000a4400000| Untracked 
|  35|0x00000000a4500000, 0x00000000a4500000, 0x00000000a4600000|  0%| F|  |TAMS 0x00000000a4500000, 0x00000000a4500000| Untracked 
|  36|0x00000000a4600000, 0x00000000a4600000, 0x00000000a4700000|  0%| F|  |TAMS 0x00000000a4600000, 0x00000000a4600000| Untracked 
|  37|0x00000000a4700000, 0x00000000a4700000, 0x00000000a4800000|  0%| F|  |TAMS 0x00000000a4700000, 0x00000000a4700000| Untracked 
|  38|0x00000000a4800000, 0x00000000a4800000, 0x00000000a4900000|  0%| F|  |TAMS 0x00000000a4800000, 0x00000000a4800000| Untracked 
|  39|0x00000000a4900000, 0x00000000a4900000, 0x00000000a4a00000|  0%| F|  |TAMS 0x00000000a4900000, 0x00000000a4900000| Untracked 
|  40|0x00000000a4a00000, 0x00000000a4a00000, 0x00000000a4b00000|  0%| F|  |TAMS 0x00000000a4a00000, 0x00000000a4a00000| Untracked 
|  41|0x00000000a4b00000, 0x00000000a4b00000, 0x00000000a4c00000|  0%| F|  |TAMS 0x00000000a4b00000, 0x00000000a4b00000| Untracked 
|  42|0x00000000a4c00000, 0x00000000a4c00000, 0x00000000a4d00000|  0%| F|  |TAMS 0x00000000a4c00000, 0x00000000a4c00000| Untracked 
|  43|0x00000000a4d00000, 0x00000000a4d00000, 0x00000000a4e00000|  0%| F|  |TAMS 0x00000000a4d00000, 0x00000000a4d00000| Untracked 
|  44|0x00000000a4e00000, 0x00000000a4e00000, 0x00000000a4f00000|  0%| F|  |TAMS 0x00000000a4e00000, 0x00000000a4e00000| Untracked 
|  45|0x00000000a4f00000, 0x00000000a4f00000, 0x00000000a5000000|  0%| F|  |TAMS 0x00000000a4f00000, 0x00000000a4f00000| Untracked 
|  46|0x00000000a5000000, 0x00000000a5000000, 0x00000000a5100000|  0%| F|  |TAMS 0x00000000a5000000, 0x00000000a5000000| Untracked 
|  47|0x00000000a5100000, 0x00000000a5100000, 0x00000000a5200000|  0%| F|  |TAMS 0x00000000a5100000, 0x00000000a5100000| Untracked 
|  48|0x00000000a5200000, 0x00000000a5200000, 0x00000000a5300000|  0%| F|  |TAMS 0x00000000a5200000, 0x00000000a5200000| Untracked 
|  49|0x00000000a5300000, 0x00000000a5300000, 0x00000000a5400000|  0%| F|  |TAMS 0x00000000a5300000, 0x00000000a5300000| Untracked 
|  50|0x00000000a5400000, 0x00000000a5400000, 0x00000000a5500000|  0%| F|  |TAMS 0x00000000a5400000, 0x00000000a5400000| Untracked 
|  51|0x00000000a5500000, 0x00000000a5500000, 0x00000000a5600000|  0%| F|  |TAMS 0x00000000a5500000, 0x00000000a5500000| Untracked 
|  52|0x00000000a5600000, 0x00000000a5600000, 0x00000000a5700000|  0%| F|  |TAMS 0x00000000a5600000, 0x00000000a5600000| Untracked 
|  53|0x00000000a5700000, 0x00000000a5700000, 0x00000000a5800000|  0%| F|  |TAMS 0x00000000a5700000, 0x00000000a5700000| Untracked 
|  54|0x00000000a5800000, 0x00000000a5800000, 0x00000000a5900000|  0%| F|  |TAMS 0x00000000a5800000, 0x00000000a5800000| Untracked 
|  55|0x00000000a5900000, 0x00000000a5900000, 0x00000000a5a00000|  0%| F|  |TAMS 0x00000000a5900000, 0x00000000a5900000| Untracked 
|  56|0x00000000a5a00000, 0x00000000a5a00000, 0x00000000a5b00000|  0%| F|  |TAMS 0x00000000a5a00000, 0x00000000a5a00000| Untracked 
|  57|0x00000000a5b00000, 0x00000000a5b00000, 0x00000000a5c00000|  0%| F|  |TAMS 0x00000000a5b00000, 0x00000000a5b00000| Untracked 
|  58|0x00000000a5c00000, 0x00000000a5c00000, 0x00000000a5d00000|  0%| F|  |TAMS 0x00000000a5c00000, 0x00000000a5c00000| Untracked 
|  59|0x00000000a5d00000, 0x00000000a5d00000, 0x00000000a5e00000|  0%| F|  |TAMS 0x00000000a5d00000, 0x00000000a5d00000| Untracked 
|  60|0x00000000a5e00000, 0x00000000a5e00000, 0x00000000a5f00000|  0%| F|  |TAMS 0x00000000a5e00000, 0x00000000a5e00000| Untracked 
|  61|0x00000000a5f00000, 0x00000000a5f00000, 0x00000000a6000000|  0%| F|  |TAMS 0x00000000a5f00000, 0x00000000a5f00000| Untracked 
|  62|0x00000000a6000000, 0x00000000a6000000, 0x00000000a6100000|  0%| F|  |TAMS 0x00000000a6000000, 0x00000000a6000000| Untracked 
|  63|0x00000000a6100000, 0x00000000a6100000, 0x00000000a6200000|  0%| F|  |TAMS 0x00000000a6100000, 0x00000000a6100000| Untracked 
|  64|0x00000000a6200000, 0x00000000a6200000, 0x00000000a6300000|  0%| F|  |TAMS 0x00000000a6200000, 0x00000000a6200000| Untracked 
|  65|0x00000000a6300000, 0x00000000a6300000, 0x00000000a6400000|  0%| F|  |TAMS 0x00000000a6300000, 0x00000000a6300000| Untracked 
|  66|0x00000000a6400000, 0x00000000a6400000, 0x00000000a6500000|  0%| F|  |TAMS 0x00000000a6400000, 0x00000000a6400000| Untracked 
|  67|0x00000000a6500000, 0x00000000a6500000, 0x00000000a6600000|  0%| F|  |TAMS 0x00000000a6500000, 0x00000000a6500000| Untracked 
|  68|0x00000000a6600000, 0x00000000a6700000, 0x00000000a6700000|100%| S|CS|TAMS 0x00000000a6600000, 0x00000000a6600000| Complete 
|  69|0x00000000a6700000, 0x00000000a6800000, 0x00000000a6800000|100%| S|CS|TAMS 0x00000000a6700000, 0x00000000a6700000| Complete 
|  70|0x00000000a6800000, 0x00000000a6900000, 0x00000000a6900000|100%| S|CS|TAMS 0x00000000a6800000, 0x00000000a6800000| Complete 
|  71|0x00000000a6900000, 0x00000000a6900000, 0x00000000a6a00000|  0%| F|  |TAMS 0x00000000a6900000, 0x00000000a6900000| Untracked 
|  72|0x00000000a6a00000, 0x00000000a6a00000, 0x00000000a6b00000|  0%| F|  |TAMS 0x00000000a6a00000, 0x00000000a6a00000| Untracked 
|  73|0x00000000a6b00000, 0x00000000a6b00000, 0x00000000a6c00000|  0%| F|  |TAMS 0x00000000a6b00000, 0x00000000a6b00000| Untracked 
|  74|0x00000000a6c00000, 0x00000000a6c00000, 0x00000000a6d00000|  0%| F|  |TAMS 0x00000000a6c00000, 0x00000000a6c00000| Untracked 
|  75|0x00000000a6d00000, 0x00000000a6d00000, 0x00000000a6e00000|  0%| F|  |TAMS 0x00000000a6d00000, 0x00000000a6d00000| Untracked 
|  76|0x00000000a6e00000, 0x00000000a6e00000, 0x00000000a6f00000|  0%| F|  |TAMS 0x00000000a6e00000, 0x00000000a6e00000| Untracked 
|  77|0x00000000a6f00000, 0x00000000a6f00000, 0x00000000a7000000|  0%| F|  |TAMS 0x00000000a6f00000, 0x00000000a6f00000| Untracked 
|  78|0x00000000a7000000, 0x00000000a70831f0, 0x00000000a7100000| 51%| E|  |TAMS 0x00000000a7000000, 0x00000000a7000000| Complete 
|  79|0x00000000a7100000, 0x00000000a7200000, 0x00000000a7200000|100%| E|CS|TAMS 0x00000000a7100000, 0x00000000a7100000| Complete 
|  80|0x00000000a7200000, 0x00000000a7300000, 0x00000000a7300000|100%| E|CS|TAMS 0x00000000a7200000, 0x00000000a7200000| Complete 
|  81|0x00000000a7300000, 0x00000000a7400000, 0x00000000a7400000|100%| E|CS|TAMS 0x00000000a7300000, 0x00000000a7300000| Complete 
|  82|0x00000000a7400000, 0x00000000a7500000, 0x00000000a7500000|100%| E|CS|TAMS 0x00000000a7400000, 0x00000000a7400000| Complete 
|  83|0x00000000a7500000, 0x00000000a7600000, 0x00000000a7600000|100%| E|CS|TAMS 0x00000000a7500000, 0x00000000a7500000| Complete 
|  84|0x00000000a7600000, 0x00000000a7700000, 0x00000000a7700000|100%| E|CS|TAMS 0x00000000a7600000, 0x00000000a7600000| Complete 
|  85|0x00000000a7700000, 0x00000000a7800000, 0x00000000a7800000|100%| E|CS|TAMS 0x00000000a7700000, 0x00000000a7700000| Complete 
|  86|0x00000000a7800000, 0x00000000a7900000, 0x00000000a7900000|100%| E|CS|TAMS 0x00000000a7800000, 0x00000000a7800000| Complete 
|  87|0x00000000a7900000, 0x00000000a7a00000, 0x00000000a7a00000|100%| E|CS|TAMS 0x00000000a7900000, 0x00000000a7900000| Complete 
|  88|0x00000000a7a00000, 0x00000000a7b00000, 0x00000000a7b00000|100%| E|CS|TAMS 0x00000000a7a00000, 0x00000000a7a00000| Complete 
|  89|0x00000000a7b00000, 0x00000000a7c00000, 0x00000000a7c00000|100%| E|CS|TAMS 0x00000000a7b00000, 0x00000000a7b00000| Complete 
|  90|0x00000000a7c00000, 0x00000000a7d00000, 0x00000000a7d00000|100%| E|CS|TAMS 0x00000000a7c00000, 0x00000000a7c00000| Complete 
|  91|0x00000000a7d00000, 0x00000000a7e00000, 0x00000000a7e00000|100%| E|CS|TAMS 0x00000000a7d00000, 0x00000000a7d00000| Complete 
|  92|0x00000000a7e00000, 0x00000000a7f00000, 0x00000000a7f00000|100%| E|CS|TAMS 0x00000000a7e00000, 0x00000000a7e00000| Complete 
|  93|0x00000000a7f00000, 0x00000000a8000000, 0x00000000a8000000|100%| E|CS|TAMS 0x00000000a7f00000, 0x00000000a7f00000| Complete 

Card table byte_map: [0x000001c86ed50000,0x000001c86f040000] _byte_map_base: 0x000001c86e83f000

Marking Bits (Prev, Next): (CMBitMap*) 0x000001c855e224d0, (CMBitMap*) 0x000001c855e22510
 Prev Bits: [0x000001c86f330000, 0x000001c870aa8000)
 Next Bits: [0x000001c870ab0000, 0x000001c872228000)

Polling page: 0x000001c85eda0000

Metaspace:

Usage:
  Non-class:      6.04 MB used.
      Class:    833.91 KB used.
       Both:      6.86 MB used.

Virtual space:
  Non-class space:        8.00 MB reserved,       6.12 MB ( 77%) committed,  1 nodes.
      Class space:        1.00 GB reserved,     896.00 KB ( <1%) committed,  1 nodes.
             Both:        1.01 GB reserved,       7.00 MB ( <1%) committed. 

Chunk freelists:
   Non-Class:  192.00 KB
       Class:  3.12 MB
        Both:  3.31 MB

MaxMetaspaceSize: unlimited
CompressedClassSpaceSize: 1.00 GB
Initial GC threshold: 21.00 MB
Current GC threshold: 21.00 MB
CDS: on
MetaspaceReclaimPolicy: balanced
 - commit_granule_bytes: 65536.
 - commit_granule_words: 8192.
 - virtual_space_node_default_size: 1048576.
 - enlarge_chunks_in_place: 1.
 - new_chunks_are_fully_committed: 0.
 - uncommit_free_chunks: 1.
 - use_allocation_guard: 0.
 - handle_deallocations: 1.


Internal statistics:

num_allocs_failed_limit: 0.
num_arena_births: 44.
num_arena_deaths: 0.
num_vsnodes_births: 2.
num_vsnodes_deaths: 0.
num_space_committed: 112.
num_space_uncommitted: 0.
num_chunks_returned_to_freelist: 0.
num_chunks_taken_from_freelist: 257.
num_chunk_merges: 0.
num_chunk_splits: 167.
num_chunks_enlarged: 140.
num_purges: 0.
num_inconsistent_stats: 0.

CodeHeap 'non-profiled nmethods': size=120000Kb used=509Kb max_used=509Kb free=119490Kb
 bounds [0x000001c866890000, 0x000001c866b00000, 0x000001c86ddc0000]
CodeHeap 'profiled nmethods': size=120000Kb used=2767Kb max_used=2767Kb free=117233Kb
 bounds [0x000001c85f360000, 0x000001c85f620000, 0x000001c866890000]
CodeHeap 'non-nmethods': size=5760Kb used=1151Kb max_used=1177Kb free=4608Kb
 bounds [0x000001c85edc0000, 0x000001c85f030000, 0x000001c85f360000]
 total_blobs=1846 nmethods=1404 adapters=355
 compilation: enabled
              stopped_count=0, restarted_count=0
 full_count=0

Compilation events (20 events):
Event: 2.611 Thread 0x000001c874ea0690 1350       4       jdk.internal.jimage.ImageLocation::verify (218 bytes)
Event: 2.614 Thread 0x000001c874ea3140 1351       3       com.google.common.cache.LocalCache::expiresAfterWrite (15 bytes)
Event: 2.614 Thread 0x000001c874ea3140 nmethod 1351 0x000001c85f5ef710 code [0x000001c85f5ef8a0, 0x000001c85f5efa18]
Event: 2.617 Thread 0x000001c874ea3140 1352       3       jdk.internal.module.Resources::toPackageName (39 bytes)
Event: 2.618 Thread 0x000001c874ea3140 nmethod 1352 0x000001c85f5efa90 code [0x000001c85f5efcc0, 0x000001c85f5f0338]
Event: 2.618 Thread 0x000001c874ea3140 1353   !   3       jdk.internal.loader.BuiltinClassLoader::findMiscResource (122 bytes)
Event: 2.619 Thread 0x000001c874ea3140 nmethod 1353 0x000001c85f5f0590 code [0x000001c85f5f0840, 0x000001c85f5f1aa8]
Event: 2.619 Thread 0x000001c874ea3140 1354   !   3       java.security.AccessController::doPrivileged (22 bytes)
Event: 2.619 Thread 0x000001c874ea3140 nmethod 1354 0x000001c85f5f1f90 code [0x000001c85f5f2180, 0x000001c85f5f2628]
Event: 2.619 Thread 0x000001c874ea3140 1355       3       java.lang.Long::<init> (10 bytes)
Event: 2.619 Thread 0x000001c874ea3140 nmethod 1355 0x000001c85f5f2890 code [0x000001c85f5f2a40, 0x000001c85f5f2c18]
Event: 2.624 Thread 0x000001c874ea3140 1357       3       jdk.internal.loader.BuiltinClassLoader$2::run (5 bytes)
Event: 2.624 Thread 0x000001c874ea3140 nmethod 1357 0x000001c85f5f2d10 code [0x000001c85f5f2ea0, 0x000001c85f5f2fe8]
Event: 2.627 Thread 0x000001c874ea3140 1358       3       java.lang.Class::copyMethods (36 bytes)
Event: 2.628 Thread 0x000001c874ea3140 nmethod 1358 0x000001c85f5f3090 code [0x000001c85f5f32e0, 0x000001c85f5f3d68]
Event: 2.630 Thread 0x000001c874ea3140 1359       3       sun.reflect.generics.parser.SignatureParser::mark (9 bytes)
Event: 2.631 Thread 0x000001c874ea3140 nmethod 1359 0x000001c85f5f4210 code [0x000001c85f5f43a0, 0x000001c85f5f44b8]
Event: 2.631 Thread 0x000001c874ea3140 1360       3       sun.reflect.generics.parser.SignatureParser::markToCurrent (16 bytes)
Event: 2.631 Thread 0x000001c874ea3140 nmethod 1360 0x000001c85f5f4590 code [0x000001c85f5f4740, 0x000001c85f5f4888]
Event: 2.631 Thread 0x000001c874ea3140 1361       3       java.lang.String::substring (10 bytes)

GC Heap History (2 events):
Event: 2.082 GC heap before
{Heap before GC invocations=0 (full 0):
 garbage-first heap   total 96256K, used 22528K [0x00000000a2200000, 0x0000000100000000)
  region size 1024K, 23 young (23552K), 0 survivors (0K)
 Metaspace       used 5526K, committed 5696K, reserved 1056768K
  class space    used 662K, committed 768K, reserved 1048576K
}
Event: 2.093 GC heap after
{Heap after GC invocations=1 (full 0):
 garbage-first heap   total 96256K, used 3960K [0x00000000a2200000, 0x0000000100000000)
  region size 1024K, 3 young (3072K), 3 survivors (3072K)
 Metaspace       used 5526K, committed 5696K, reserved 1056768K
  class space    used 662K, committed 768K, reserved 1048576K
}

Deoptimization events (20 events):
Event: 2.306 Thread 0x000001c855deb230 DEOPT PACKING pc=0x000001c8668f9cac sp=0x000000bb976fd460
Event: 2.306 Thread 0x000001c855deb230 DEOPT UNPACKING pc=0x000001c85ee123a3 sp=0x000000bb976fd3e8 mode 2
Event: 2.307 Thread 0x000001c855deb230 Uncommon trap: trap_request=0xffffffde fr.pc=0x000001c8668f9cac relative=0x000000000000010c
Event: 2.307 Thread 0x000001c855deb230 Uncommon trap: reason=class_check action=maybe_recompile pc=0x000001c8668f9cac method=jdk.internal.misc.Unsafe.allocateUninitializedArray(Ljava/lang/Class;I)Ljava/lang/Object; @ 51 c2
Event: 2.307 Thread 0x000001c855deb230 DEOPT PACKING pc=0x000001c8668f9cac sp=0x000000bb976fdfe0
Event: 2.307 Thread 0x000001c855deb230 DEOPT UNPACKING pc=0x000001c85ee123a3 sp=0x000000bb976fdf68 mode 2
Event: 2.307 Thread 0x000001c855deb230 Uncommon trap: trap_request=0xffffffde fr.pc=0x000001c8668f9cac relative=0x000000000000010c
Event: 2.307 Thread 0x000001c855deb230 Uncommon trap: reason=class_check action=maybe_recompile pc=0x000001c8668f9cac method=jdk.internal.misc.Unsafe.allocateUninitializedArray(Ljava/lang/Class;I)Ljava/lang/Object; @ 51 c2
Event: 2.307 Thread 0x000001c855deb230 DEOPT PACKING pc=0x000001c8668f9cac sp=0x000000bb976fdc80
Event: 2.307 Thread 0x000001c855deb230 DEOPT UNPACKING pc=0x000001c85ee123a3 sp=0x000000bb976fdc08 mode 2
Event: 2.307 Thread 0x000001c855deb230 Uncommon trap: trap_request=0xffffffde fr.pc=0x000001c8668f9cac relative=0x000000000000010c
Event: 2.307 Thread 0x000001c855deb230 Uncommon trap: reason=class_check action=maybe_recompile pc=0x000001c8668f9cac method=jdk.internal.misc.Unsafe.allocateUninitializedArray(Ljava/lang/Class;I)Ljava/lang/Object; @ 51 c2
Event: 2.307 Thread 0x000001c855deb230 DEOPT PACKING pc=0x000001c8668f9cac sp=0x000000bb976fdce0
Event: 2.307 Thread 0x000001c855deb230 DEOPT UNPACKING pc=0x000001c85ee123a3 sp=0x000000bb976fdc68 mode 2
Event: 2.527 Thread 0x000001c855deb230 Uncommon trap: trap_request=0xffffff45 fr.pc=0x000001c86690194c relative=0x00000000000006ac
Event: 2.527 Thread 0x000001c855deb230 Uncommon trap: reason=unstable_if action=reinterpret pc=0x000001c86690194c method=java.lang.String.<init>([CIILjava/lang/Void;)V @ 5 c2
Event: 2.527 Thread 0x000001c855deb230 DEOPT PACKING pc=0x000001c86690194c sp=0x000000bb976fdc00
Event: 2.528 Thread 0x000001c855deb230 DEOPT UNPACKING pc=0x000001c85ee123a3 sp=0x000000bb976fdaa0 mode 2
Event: 2.595 Thread 0x000001c855deb230 DEOPT PACKING pc=0x000001c85f563534 sp=0x000000bb976fdd90
Event: 2.595 Thread 0x000001c855deb230 DEOPT UNPACKING pc=0x000001c85ee12b43 sp=0x000000bb976fd200 mode 0

Classes unloaded (0 events):
No events

Classes redefined (0 events):
No events

Internal exceptions (20 events):
Event: 0.658 Thread 0x000001c855deb230 Exception <a 'java/lang/NullPointerException'{0x00000000a7b8a308}> (0x00000000a7b8a308) 
thrown [t:\workspace\open\src\hotspot\share\interpreter\linkResolver.cpp, line 1357]
Event: 0.833 Thread 0x000001c855deb230 Exception <a 'java/lang/NullPointerException'{0x00000000a7bcf3a8}> (0x00000000a7bcf3a8) 
thrown [t:\workspace\open\src\hotspot\share\interpreter\linkResolver.cpp, line 1357]
Event: 0.833 Thread 0x000001c855deb230 Exception <a 'java/lang/NullPointerException'{0x00000000a7bcf680}> (0x00000000a7bcf680) 
thrown [t:\workspace\open\src\hotspot\share\interpreter\linkResolver.cpp, line 1357]
Event: 0.833 Thread 0x000001c855deb230 Exception <a 'java/lang/NullPointerException'{0x00000000a7bcf958}> (0x00000000a7bcf958) 
thrown [t:\workspace\open\src\hotspot\share\interpreter\linkResolver.cpp, line 1357]
Event: 0.835 Thread 0x000001c855deb230 Exception <a 'java/lang/NullPointerException'{0x00000000a7bd4e20}> (0x00000000a7bd4e20) 
thrown [t:\workspace\open\src\hotspot\share\interpreter\linkResolver.cpp, line 1357]
Event: 0.837 Thread 0x000001c855deb230 Exception <a 'java/lang/NullPointerException'{0x00000000a7bea3e0}> (0x00000000a7bea3e0) 
thrown [t:\workspace\open\src\hotspot\share\interpreter\linkResolver.cpp, line 1357]
Event: 0.837 Thread 0x000001c855deb230 Exception <a 'java/lang/NullPointerException'{0x00000000a7bea6b8}> (0x00000000a7bea6b8) 
thrown [t:\workspace\open\src\hotspot\share\interpreter\linkResolver.cpp, line 1357]
Event: 0.837 Thread 0x000001c855deb230 Exception <a 'java/lang/NullPointerException'{0x00000000a7bea990}> (0x00000000a7bea990) 
thrown [t:\workspace\open\src\hotspot\share\interpreter\linkResolver.cpp, line 1357]
Event: 0.837 Thread 0x000001c855deb230 Exception <a 'java/lang/NullPointerException'{0x00000000a7beac68}> (0x00000000a7beac68) 
thrown [t:\workspace\open\src\hotspot\share\interpreter\linkResolver.cpp, line 1357]
Event: 0.899 Thread 0x000001c855deb230 Exception <a 'java/lang/NoSuchMethodError'{0x00000000a7a8bdd8}: 'void java.lang.invoke.DirectMethodHandle$Holder.invokeStatic(java.lang.Object, java.lang.Object, java.lang.Object)'> (0x00000000a7a8bdd8) 
thrown [t:\workspace\open\src\hotspot\share\interpreter\linkResolver.cpp, line 766]
Event: 0.920 Thread 0x000001c855deb230 Exception <a 'java/lang/NoSuchMethodError'{0x00000000a7ae7658}: 'int java.lang.invoke.DirectMethodHandle$Holder.invokeStatic(java.lang.Object, java.lang.Object, int)'> (0x00000000a7ae7658) 
thrown [t:\workspace\open\src\hotspot\share\interpreter\linkResolver.cpp, line 766]
Event: 1.110 Thread 0x000001c855deb230 Exception <a 'java/lang/NoSuchMethodError'{0x00000000a7852bb0}: 'java.lang.Object java.lang.invoke.DirectMethodHandle$Holder.invokeSpecialIFC(java.lang.Object, java.lang.Object, java.lang.Object, java.lang.Object)'> (0x00000000a7852bb0) 
thrown [t:\workspace\open\src\hotspot\share\interpreter\linkResolver.cpp, line 766]
Event: 1.575 Thread 0x000001c855deb230 Exception <a 'java/lang/NoSuchMethodError'{0x00000000a73c67c0}: 'java.lang.Object java.lang.invoke.DirectMethodHandle$Holder.invokeStaticInit(java.lang.Object)'> (0x00000000a73c67c0) 
thrown [t:\workspace\open\src\hotspot\share\interpreter\linkResolver.cpp, line 766]
Event: 1.586 Thread 0x000001c855deb230 Exception <a 'java/lang/NoSuchMethodError'{0x00000000a73e1e68}: 'void java.lang.invoke.DirectMethodHandle$Holder.invokeSpecial(java.lang.Object, java.lang.Object, java.lang.Object)'> (0x00000000a73e1e68) 
thrown [t:\workspace\open\src\hotspot\share\interpreter\linkResolver.cpp, line 766]
Event: 1.675 Thread 0x000001c855deb230 Exception <a 'java/lang/NoSuchMethodError'{0x00000000a7135258}: 'java.lang.Object java.lang.invoke.DirectMethodHandle$Holder.invokeInterface(java.lang.Object, java.lang.Object)'> (0x00000000a7135258) 
thrown [t:\workspace\open\src\hotspot\share\interpreter\linkResolver.cpp, line 766]
Event: 1.720 Thread 0x000001c855deb230 Exception <a 'java/lang/NoSuchMethodError'{0x00000000a71d6f20}: 'java.lang.Object java.lang.invoke.Invokers$Holder.invokeExact_MT(java.lang.Object, java.lang.Object, java.lang.Object, java.lang.Object, java.lang.Object, java.lang.Object)'> (0x00000000a71d6f20) 
thrown [t:\workspace\open\src\hotspot\share\interpreter\linkResolver.cpp, line 766]
Event: 1.726 Thread 0x000001c855deb230 Exception <a 'java/lang/NoSuchMethodError'{0x00000000a71e8380}: 'int java.lang.invoke.DirectMethodHandle$Holder.invokeSpecialIFC(java.lang.Object, java.lang.Object, java.lang.Object, java.lang.Object, java.lang.Object)'> (0x00000000a71e8380) 
thrown [t:\workspace\open\src\hotspot\share\interpreter\linkResolver.cpp, line 766]
Event: 1.864 Thread 0x000001c855deb230 Exception <a 'java/lang/NoSuchMethodError'{0x00000000a6f7af88}: 'java.lang.Object java.lang.invoke.DirectMethodHandle$Holder.newInvokeSpecial(java.lang.Object, java.lang.Object, java.lang.Object, java.lang.Object, java.lang.Object)'> (0x00000000a6f7af88) 
thrown [t:\workspace\open\src\hotspot\share\interpreter\linkResolver.cpp, line 766]
Event: 1.928 Thread 0x000001c855deb230 Exception <a 'java/lang/NoSuchMethodError'{0x00000000a6e76e90}: 'int java.lang.invoke.DirectMethodHandle$Holder.invokeStaticInit(java.lang.Object, java.lang.Object)'> (0x00000000a6e76e90) 
thrown [t:\workspace\open\src\hotspot\share\interpreter\linkResolver.cpp, line 766]
Event: 1.961 Thread 0x000001c855deb230 Exception <a 'java/lang/NoClassDefFoundError'{0x00000000a6eae1f8}: javax/enterprise/inject/Typed> (0x00000000a6eae1f8) 
thrown [t:\workspace\open\src\hotspot\share\classfile\systemDictionary.cpp, line 245]

VM Operations (20 events):
Event: 2.202 Executing VM operation: ICBufferFull
Event: 2.202 Executing VM operation: ICBufferFull done
Event: 2.206 Executing VM operation: ICBufferFull
Event: 2.206 Executing VM operation: ICBufferFull done
Event: 2.210 Executing VM operation: ICBufferFull
Event: 2.210 Executing VM operation: ICBufferFull done
Event: 2.214 Executing VM operation: ICBufferFull
Event: 2.214 Executing VM operation: ICBufferFull done
Event: 2.218 Executing VM operation: ICBufferFull
Event: 2.218 Executing VM operation: ICBufferFull done
Event: 2.288 Executing VM operation: ICBufferFull
Event: 2.288 Executing VM operation: ICBufferFull done
Event: 2.302 Executing VM operation: ICBufferFull
Event: 2.303 Executing VM operation: ICBufferFull done
Event: 2.303 Executing VM operation: ICBufferFull
Event: 2.303 Executing VM operation: ICBufferFull done
Event: 2.386 Executing VM operation: ICBufferFull
Event: 2.387 Executing VM operation: ICBufferFull done
Event: 2.390 Executing VM operation: ICBufferFull
Event: 2.390 Executing VM operation: ICBufferFull done

Events (20 events):
Event: 2.364 loading class jdk/internal/reflect/ByteVectorImpl
Event: 2.365 loading class jdk/internal/reflect/ByteVector
Event: 2.365 loading class jdk/internal/reflect/ByteVector done
Event: 2.365 loading class jdk/internal/reflect/ByteVectorImpl done
Event: 2.365 loading class jdk/internal/reflect/ClassFileAssembler
Event: 2.365 loading class jdk/internal/reflect/ClassFileAssembler done
Event: 2.365 loading class jdk/internal/reflect/UTF8
Event: 2.366 loading class jdk/internal/reflect/UTF8 done
Event: 2.367 loading class jdk/internal/reflect/Label
Event: 2.368 loading class jdk/internal/reflect/Label done
Event: 2.368 loading class jdk/internal/reflect/Label$PatchInfo
Event: 2.368 loading class jdk/internal/reflect/Label$PatchInfo done
Event: 2.368 loading class jdk/internal/reflect/MethodAccessorGenerator$1
Event: 2.368 loading class jdk/internal/reflect/MethodAccessorGenerator$1 done
Event: 2.368 loading class jdk/internal/reflect/ClassDefiner
Event: 2.369 loading class jdk/internal/reflect/ClassDefiner done
Event: 2.369 loading class jdk/internal/reflect/ClassDefiner$1
Event: 2.369 loading class jdk/internal/reflect/ClassDefiner$1 done
Event: 2.369 loading class jdk/internal/reflect/BootstrapConstructorAccessorImpl
Event: 2.369 loading class jdk/internal/reflect/BootstrapConstructorAccessorImpl done


Dynamic libraries:
0x00007ff6d01a0000 - 0x00007ff6d01b0000 	C:\Program Files\Java\jdk-17\bin\java.exe
0x00007ffc82c70000 - 0x00007ffc82e87000 	C:\WINDOWS\SYSTEM32\ntdll.dll
0x00007ffc81cf0000 - 0x00007ffc81db4000 	C:\WINDOWS\System32\KERNEL32.DLL
0x00007ffc805a0000 - 0x00007ffc80946000 	C:\WINDOWS\System32\KERNELBASE.dll
0x00007ffc80080000 - 0x00007ffc80191000 	C:\WINDOWS\System32\ucrtbase.dll
0x00007ffc5d8a0000 - 0x00007ffc5d8ba000 	C:\Program Files\Java\jdk-17\bin\VCRUNTIME140.dll
0x00007ffc4fa20000 - 0x00007ffc4fa38000 	C:\Program Files\Java\jdk-17\bin\jli.dll
0x00007ffc810d0000 - 0x00007ffc81181000 	C:\WINDOWS\System32\ADVAPI32.dll
0x00007ffc812f0000 - 0x00007ffc81397000 	C:\WINDOWS\System32\msvcrt.dll
0x00007ffc81020000 - 0x00007ffc810c5000 	C:\WINDOWS\System32\sechost.dll
0x00007ffc81190000 - 0x00007ffc812a7000 	C:\WINDOWS\System32\RPCRT4.dll
0x00007ffc81730000 - 0x00007ffc818de000 	C:\WINDOWS\System32\USER32.dll
0x00007ffc56e70000 - 0x00007ffc57103000 	C:\WINDOWS\WinSxS\amd64_microsoft.windows.common-controls_6595b64144ccf1df_6.0.22621.2506_none_270c5ae97388e100\COMCTL32.dll
0x00007ffc802e0000 - 0x00007ffc80306000 	C:\WINDOWS\System32\win32u.dll
0x00007ffc815c0000 - 0x00007ffc815e9000 	C:\WINDOWS\System32\GDI32.dll
0x00007ffc80310000 - 0x00007ffc80428000 	C:\WINDOWS\System32\gdi32full.dll
0x00007ffc7ffe0000 - 0x00007ffc8007a000 	C:\WINDOWS\System32\msvcp_win.dll
0x00007ffc76f80000 - 0x00007ffc76f8a000 	C:\WINDOWS\SYSTEM32\VERSION.dll
0x00007ffc812b0000 - 0x00007ffc812e1000 	C:\WINDOWS\System32\IMM32.DLL
0x00007ffc776e0000 - 0x00007ffc776ec000 	C:\Program Files\Java\jdk-17\bin\vcruntime140_1.dll
0x00007ffc2d060000 - 0x00007ffc2d0ed000 	C:\Program Files\Java\jdk-17\bin\msvcp140.dll
0x00007ffc2b9a0000 - 0x00007ffc2c55e000 	C:\Program Files\Java\jdk-17\bin\server\jvm.dll
0x00007ffc81010000 - 0x00007ffc81018000 	C:\WINDOWS\System32\PSAPI.DLL
0x00007ffc6f2a0000 - 0x00007ffc6f2a9000 	C:\WINDOWS\SYSTEM32\WSOCK32.dll
0x00007ffc7d880000 - 0x00007ffc7d8b4000 	C:\WINDOWS\SYSTEM32\WINMM.dll
0x00007ffc81c70000 - 0x00007ffc81ce1000 	C:\WINDOWS\System32\WS2_32.dll
0x00007ffc7efb0000 - 0x00007ffc7efc8000 	C:\WINDOWS\SYSTEM32\kernel.appcore.dll
0x00007ffc73490000 - 0x00007ffc7349a000 	C:\Program Files\Java\jdk-17\bin\jimage.dll
0x00007ffc7d600000 - 0x00007ffc7d833000 	C:\WINDOWS\SYSTEM32\DBGHELP.DLL
0x00007ffc80c80000 - 0x00007ffc81009000 	C:\WINDOWS\System32\combase.dll
0x00007ffc815f0000 - 0x00007ffc816c7000 	C:\WINDOWS\System32\OLEAUT32.dll
0x00007ffc7d840000 - 0x00007ffc7d872000 	C:\WINDOWS\SYSTEM32\dbgcore.DLL
0x00007ffc80260000 - 0x00007ffc802da000 	C:\WINDOWS\System32\bcryptPrimitives.dll
0x00007ffc48430000 - 0x00007ffc48455000 	C:\Program Files\Java\jdk-17\bin\java.dll
0x00007ffc2cf80000 - 0x00007ffc2d056000 	C:\Program Files\Java\jdk-17\bin\svml.dll
0x00007ffc82350000 - 0x00007ffc82baa000 	C:\WINDOWS\System32\SHELL32.dll
0x00007ffc7deb0000 - 0x00007ffc7e7a6000 	C:\WINDOWS\SYSTEM32\windows.storage.dll
0x00007ffc7dd70000 - 0x00007ffc7deae000 	C:\WINDOWS\SYSTEM32\wintypes.dll
0x00007ffc80b80000 - 0x00007ffc80c73000 	C:\WINDOWS\System32\SHCORE.dll
0x00007ffc816d0000 - 0x00007ffc8172e000 	C:\WINDOWS\System32\shlwapi.dll
0x00007ffc7ff10000 - 0x00007ffc7ff36000 	C:\WINDOWS\SYSTEM32\profapi.dll
0x00007ffc4cc00000 - 0x00007ffc4cc19000 	C:\Program Files\Java\jdk-17\bin\net.dll
0x00007ffc7ab60000 - 0x00007ffc7ac97000 	C:\WINDOWS\SYSTEM32\WINHTTP.dll
0x00007ffc7f460000 - 0x00007ffc7f4c9000 	C:\WINDOWS\system32\mswsock.dll
0x00007ffc4af90000 - 0x00007ffc4afa5000 	C:\Program Files\Java\jdk-17\bin\nio.dll
0x00007ffc4a260000 - 0x00007ffc4a278000 	C:\Program Files\Java\jdk-17\bin\zip.dll
0x0000000069ac0000 - 0x0000000069ae4000 	C:\apache-maven-3.9.6\lib\jansi-native\Windows\x86_64\jansi.dll
0x00007ffc5a700000 - 0x00007ffc5a710000 	C:\Program Files\Java\jdk-17\bin\verify.dll

dbghelp: loaded successfully - version: 4.0.5 - missing functions: none
symbol engine: initialized successfully - sym options: 0x614 - pdb path: .;C:\Program Files\Java\jdk-17\bin;C:\WINDOWS\SYSTEM32;C:\WINDOWS\WinSxS\amd64_microsoft.windows.common-controls_6595b64144ccf1df_6.0.22621.2506_none_270c5ae97388e100;C:\Program Files\Java\jdk-17\bin\server;C:\apache-maven-3.9.6\lib\jansi-native\Windows\x86_64

VM Arguments:
jvm_args: -Dclassworlds.conf=C:\apache-maven-3.9.6\bin\m2.conf -Dmaven.home=C:\apache-maven-3.9.6 -Dlibrary.jansi.path=C:\apache-maven-3.9.6\lib\jansi-native -Dmaven.multiModuleProjectDirectory=C:\Microservicesudemy\microservices\section6\v2-spring-cloud-config\configserver 
java_command: org.codehaus.plexus.classworlds.launcher.Launcher compile jib:dockerBuild
java_class_path (initial): C:\apache-maven-3.9.6\boot\plexus-classworlds-2.7.0.jar
Launcher Type: SUN_STANDARD

[Global flags]
     intx CICompilerCount                          = 4                                         {product} {ergonomic}
     uint ConcGCThreads                            = 3                                         {product} {ergonomic}
     uint G1ConcRefinementThreads                  = 10                                        {product} {ergonomic}
   size_t G1HeapRegionSize                         = 1048576                                   {product} {ergonomic}
    uintx GCDrainStackTargetSize                   = 64                                        {product} {ergonomic}
   size_t InitialHeapSize                          = 98566144                                  {product} {ergonomic}
   size_t MarkStackSize                            = 4194304                                   {product} {ergonomic}
   size_t MaxHeapSize                              = 1574961152                                {product} {ergonomic}
   size_t MaxNewSize                               = 944766976                                 {product} {ergonomic}
   size_t MinHeapDeltaBytes                        = 1048576                                   {product} {ergonomic}
   size_t MinHeapSize                              = 8388608                                   {product} {ergonomic}
    uintx NonNMethodCodeHeapSize                   = 5839372                                {pd product} {ergonomic}
    uintx NonProfiledCodeHeapSize                  = 122909434                              {pd product} {ergonomic}
    uintx ProfiledCodeHeapSize                     = 122909434                              {pd product} {ergonomic}
    uintx ReservedCodeCacheSize                    = 251658240                              {pd product} {ergonomic}
     bool SegmentedCodeCache                       = true                                      {product} {ergonomic}
   size_t SoftMaxHeapSize                          = 1574961152                             {manageable} {ergonomic}
     bool UseCompressedClassPointers               = true                           {product lp64_product} {ergonomic}
     bool UseCompressedOops                        = true                           {product lp64_product} {ergonomic}
     bool UseG1GC                                  = true                                      {product} {ergonomic}
     bool UseLargePagesIndividualAllocation        = false                                  {pd product} {ergonomic}

Logging:
Log output configuration:
 #0: stdout all=warning uptime,level,tags
 #1: stderr all=off uptime,level,tags

Environment Variables:
CLASSPATH=C:\ojdbc8-21.1.0.0.jar
PATH=C:\oracle\WINDOWS.X64_213000_db_home\bin;C:\App\WINDOWS.X64_213000_db_home\bin;C:\Program Files\Common Files\Oracle\Java\javapath;C:\WINDOWS\system32;C:\WINDOWS;C:\WINDOWS\System32\Wbem;C:\WINDOWS\System32\WindowsPowerShell\v1.0\;C:\WINDOWS\System32\OpenSSH\;C:\Program Files\nodejs\;C:\Program Files\Git\cmd;C:\Program Files\Java\jdk-17\bin;C:\Program Files\Docker\Docker\resources\bin;C:\apache-maven-3.9.6\bin;C:\Users\Pranaya\AppData\Local\Microsoft\WindowsApps;C:\Users\Pranaya\AppData\Roaming\npm;C:\react\Microsoft VS Code\bin;;C:\Program Files\JetBrains\IntelliJ IDEA Community Edition 2023.3.2\bin;
USERNAME=Pranaya
OS=Windows_NT
PROCESSOR_IDENTIFIER=AMD64 Family 23 Model 104 Stepping 1, AuthenticAMD



---------------  S Y S T E M  ---------------

OS:
 Windows 10 , 64 bit Build 22621 (10.0.22621.2506)
OS uptime: 1 days 7:56 hours
Hyper-V role detected

CPU: total 12 (initial active 12) (12 cores per cpu, 2 threads per core) family 23 model 104 stepping 1 microcode 0x0, cx8, cmov, fxsr, ht, mmx, 3dnowpref, sse, sse2, sse3, ssse3, sse4a, sse4.1, sse4.2, popcnt, lzcnt, tsc, tscinvbit, avx, avx2, aes, clmul, bmi1, bmi2, adx, sha, fma, vzeroupper, clflush, clflushopt, hv

Memory: 4k page, system-wide physical 6005M (64M free)
TotalPageFile size 24437M (AvailPageFile size 4M)
current process WorkingSet (physical memory assigned to process): 79M, peak: 79M
current process commit charge ("private bytes"): 196M, peak: 196M

vm_info: Java HotSpot(TM) 64-Bit Server VM (17+35-LTS-2724) for windows-amd64 JRE (17+35-LTS-2724), built on Aug  5 2021 23:28:28 by "mach5one" with MS VC++ 16.8 (VS2019)

END.
